#
# There is insufficient memory for the Java Runtime Environment to continue.
# Native memory allocation (malloc) failed to allocate 337776 bytes for Chunk::new
# Possible reasons:
#   The system is out of physical RAM or swap space
#   The process is running with CompressedOops enabled, and the Java Heap may be blocking the growth of the native heap
# Possible solutions:
#   Reduce memory load on the system
#   Increase physical memory or swap space
#   Check if swap backing store is full
#   Decrease Java heap size (-Xmx/-Xms)
#   Decrease number of Java threads
#   Decrease Java thread stack sizes (-Xss)
#   Set larger code cache with -XX:ReservedCodeCacheSize=
#   JVM is running with Zero Based Compressed Oops mode in which the Java heap is
#     placed in the first 32GB address space. The Java Heap base address is the
#     maximum limit for the native heap growth. Please use -XX:HeapBaseMinAddress
#     to set the Java Heap base and to place the Java Heap above 32GB virtual address.
# This output file may be truncated or incomplete.
#
#  Out of Memory Error (arena.cpp:195), pid=13528, tid=12148
#
# JRE version: OpenJDK Runtime Environment AdoptOpenJDK (16.0+36) (build 16+36)
# Java VM: OpenJDK 64-Bit Server VM AdoptOpenJDK (16+36, mixed mode, sharing, tiered, compressed oops, g1 gc, windows-amd64)
# No core dump will be written. Minidumps are not enabled by default on client versions of Windows
#

---------------  S U M M A R Y ------------

Command Line: --add-opens=java.base/java.lang=ALL-UNNAMED --add-opens=java.base/java.io=ALL-UNNAMED --add-opens=java.base/java.util=ALL-UNNAMED --add-opens=java.base/java.util.concurrent=ALL-UNNAMED --add-opens=java.rmi/sun.rmi.transport=ALL-UNNAMED -Djava.util.logging.config.file=C:\Users\rit20\AppData\Local\JetBrains\IntelliJIdea2021.1\tomcat\3bed2241-97e0-48f2-a085-afe04359781d\conf\logging.properties -Djava.util.logging.manager=org.apache.juli.ClassLoaderLogManager -agentlib:jdwp=transport=dt_socket,address=127.0.0.1:58480,suspend=y,server=n -javaagent:C:\Users\rit20\AppData\Local\JetBrains\IntelliJIdea2021.1\captureAgent\debugger-agent.jar -Dcom.sun.management.jmxremote= -Dcom.sun.management.jmxremote.port=1099 -Dcom.sun.management.jmxremote.ssl=false -Dcom.sun.management.jmxremote.password.file=C:\Users\rit20\AppData\Local\JetBrains\IntelliJIdea2021.1\tomcat\3bed2241-97e0-48f2-a085-afe04359781d\jmxremote.password -Dcom.sun.management.jmxremote.access.file=C:\Users\rit20\AppData\Local\JetBrains\IntelliJIdea2021.1\tomcat\3bed2241-97e0-48f2-a085-afe04359781d\jmxremote.access -Djava.rmi.server.hostname=127.0.0.1 -Djdk.tls.ephemeralDHKeySize=2048 -Djava.protocol.handler.pkgs=org.apache.catalina.webresources -DJDBC_DATABASE_URL=jdbc:postgresql://localhost:5000/db?user=app&password=pass -Dignore.endorsed.dirs= -Dcatalina.base=C:\Users\rit20\AppData\Local\JetBrains\IntelliJIdea2021.1\tomcat\3bed2241-97e0-48f2-a085-afe04359781d -Dcatalina.home=C:\Users\rit20\IdeaProjects\02. Servlets (context with docker2)\apache-tomcat-9.0.45 -Djava.io.tmpdir=C:\Users\rit20\IdeaProjects\02. Servlets (context with docker2)\apache-tomcat-9.0.45\temp org.apache.catalina.startup.Bootstrap start

Host: Intel(R) Core(TM) i5-6500 CPU @ 3.20GHz, 4 cores, 11G,  Windows 10 , 64 bit Build 19041 (10.0.19041.804)
Time: Mon Apr 19 19:21:52 2021 RTZ 2 (s 10 , 64 bit Build 19041 (10.0.19041.804) elapsed time: 0.332845 seconds (0d 0h 0m 0s)

---------------  T H R E A D  ---------------

Current thread (0x0000020174f75050):  JavaThread "C2 CompilerThread0" daemon [_thread_in_native, id=12148, stack(0x0000002bb2e00000,0x0000002bb2f00000)]


Current CompileTask:
C2:    332  646       4       java.util.HashMap::putVal (300 bytes)

Stack: [0x0000002bb2e00000,0x0000002bb2f00000]
Native frames: (J=compiled Java code, j=interpreted, Vv=VM code, C=native code)
V  [jvm.dll+0x67901a]
V  [jvm.dll+0x82af99]
V  [jvm.dll+0x82c6d3]
V  [jvm.dll+0x82cd33]
V  [jvm.dll+0x24eef5]
V  [jvm.dll+0xb73ba]
V  [jvm.dll+0xb7a9c]
V  [jvm.dll+0x367f32]
V  [jvm.dll+0x332071]
V  [jvm.dll+0x33151a]
V  [jvm.dll+0x22048c]
V  [jvm.dll+0x21f8a0]
V  [jvm.dll+0x1ac54b]
V  [jvm.dll+0x22fa18]
V  [jvm.dll+0x22da5c]
V  [jvm.dll+0x7e0412]
V  [jvm.dll+0x7d9f4a]
V  [jvm.dll+0x677e46]
C  [ucrtbase.dll+0x21bb2]
C  [KERNEL32.DLL+0x17034]
C  [ntdll.dll+0x52651]


---------------  P R O C E S S  ---------------

Threads class SMR info:
_java_thread_list=0x0000020175bf50c0, length=17, elements={
0x0000020153f54900, 0x0000020174f57a80, 0x0000020174f58940, 0x0000020174f6c850,
0x0000020174f70270, 0x0000020174f70c70, 0x0000020174f71670, 0x0000020174f75050,
0x0000020174f78e80, 0x0000020174f88d00, 0x00000201759f4bf0, 0x0000020175aa30d0,
0x0000020175a9d050, 0x0000020175a9db90, 0x0000020175a90fd0, 0x0000020175bbdd90,
0x0000020175c0dc20
}

Java Threads: ( => current thread )
  0x0000020153f54900 JavaThread "main" [_thread_in_vm, id=12752, stack(0x0000002bb2100000,0x0000002bb2200000)]
  0x0000020174f57a80 JavaThread "Reference Handler" daemon [_thread_blocked, id=11936, stack(0x0000002bb2800000,0x0000002bb2900000)]
  0x0000020174f58940 JavaThread "Finalizer" daemon [_thread_blocked, id=4544, stack(0x0000002bb2900000,0x0000002bb2a00000)]
  0x0000020174f6c850 JavaThread "Signal Dispatcher" daemon [_thread_blocked, id=4344, stack(0x0000002bb2a00000,0x0000002bb2b00000)]
  0x0000020174f70270 JavaThread "Attach Listener" daemon [_thread_blocked, id=14268, stack(0x0000002bb2b00000,0x0000002bb2c00000)]
  0x0000020174f70c70 JavaThread "Service Thread" daemon [_thread_blocked, id=11344, stack(0x0000002bb2c00000,0x0000002bb2d00000)]
  0x0000020174f71670 JavaThread "Monitor Deflation Thread" daemon [_thread_blocked, id=3940, stack(0x0000002bb2d00000,0x0000002bb2e00000)]
=>0x0000020174f75050 JavaThread "C2 CompilerThread0" daemon [_thread_in_native, id=12148, stack(0x0000002bb2e00000,0x0000002bb2f00000)]
  0x0000020174f78e80 JavaThread "C1 CompilerThread0" daemon [_thread_in_vm, id=6772, stack(0x0000002bb2f00000,0x0000002bb3000000)]
  0x0000020174f88d00 JavaThread "Sweeper thread" daemon [_thread_blocked, id=12044, stack(0x0000002bb3000000,0x0000002bb3100000)]
  0x00000201759f4bf0 JavaThread "Common-Cleaner" daemon [_thread_blocked, id=3324, stack(0x0000002bb3100000,0x0000002bb3200000)]
  0x0000020175aa30d0 JavaThread "JDWP Transport Listener: dt_socket" daemon [_thread_blocked, id=8784, stack(0x0000002bb3200000,0x0000002bb3300000)]
  0x0000020175a9d050 JavaThread "JDWP Event Helper Thread" daemon [_thread_blocked, id=3876, stack(0x0000002bb3300000,0x0000002bb3400000)]
  0x0000020175a9db90 JavaThread "JDWP Command Reader" daemon [_thread_in_native, id=1344, stack(0x0000002bb3400000,0x0000002bb3500000)]
  0x0000020175a90fd0 JavaThread "Notification Thread" daemon [_thread_blocked, id=6552, stack(0x0000002bb3500000,0x0000002bb3600000)]
  0x0000020175bbdd90 JavaThread "AsyncFileHandlerWriter-6566818" daemon [_thread_blocked, id=10488, stack(0x0000002bb3600000,0x0000002bb3700000)]
  0x0000020175c0dc20 JavaThread "FileHandlerLogFilesCleaner-1" daemon [_thread_blocked, id=13560, stack(0x0000002bb3700000,0x0000002bb3800000)]

Other Threads:
  0x0000020174f54a40 VMThread "VM Thread" [stack: 0x0000002bb2700000,0x0000002bb2800000] [id=6532]
  0x0000020153f95260 GCTaskThread "GC Thread#0" [stack: 0x0000002bb2200000,0x0000002bb2300000] [id=12992]
  0x0000020153fa31b0 ConcurrentGCThread "G1 Main Marker" [stack: 0x0000002bb2300000,0x0000002bb2400000] [id=8000]
  0x0000020153fa3c20 ConcurrentGCThread "G1 Conc#0" [stack: 0x0000002bb2400000,0x0000002bb2500000] [id=9464]
  0x0000020154022570 ConcurrentGCThread "G1 Refine#0" [stack: 0x0000002bb2500000,0x0000002bb2600000] [id=3184]
  0x0000020154022ff0 ConcurrentGCThread "G1 Service" [stack: 0x0000002bb2600000,0x0000002bb2700000] [id=12336]

Threads with active compile tasks:
C2 CompilerThread0      356  646       4       java.util.HashMap::putVal (300 bytes)
C1 CompilerThread0      356  726       3       java.lang.invoke.MethodHandles$Lookup::<init> (84 bytes)

VM state: not at safepoint (normal execution)

VM Mutex/Monitor currently owned by a thread:  ([mutex/lock_event])
[0x0000020153f4f8f0] MetaspaceExpand_lock - owner thread: 0x0000020153f54900
[0x0000020153f507e0] MethodData_lock - owner thread: 0x0000020174f78e80

Heap address: 0x0000000741000000, size: 3056 MB, Compressed Oops mode: Zero based, Oop shift amount: 3
CDS archive(s) mapped at: [0x0000000800000000-0x0000000800bf0000-0x0000000800bf0000), size 12517376, SharedBaseAddress: 0x0000000800000000, ArchiveRelocationMode: 0.
Compressed class space mapped at: 0x0000000800c00000-0x0000000840c00000, reserved size: 1073741824
Narrow klass base: 0x0000000800000000, Narrow klass shift: 3, Narrow klass range: 0x100000000

GC Precious Log:
 CPUs: 4 total, 4 available
 Memory: 12221M
 Large Page Support: Disabled
 NUMA Support: Disabled
 Compressed Oops: Enabled (Zero based)
 Heap Region Size: 2M
 Heap Min Capacity: 8M
 Heap Initial Capacity: 192M
 Heap Max Capacity: 3056M
 Pre-touch: Disabled
 Parallel Workers: 4
 Concurrent Workers: 1
 Concurrent Refinement Workers: 4
 Periodic GC: Disabled

Heap:
 garbage-first heap   total 196608K, used 10240K [0x0000000741000000, 0x0000000800000000)
  region size 2048K, 6 young (12288K), 0 survivors (0K)
 Metaspace       used 3475K, committed 3648K, reserved 1056768K
  class space    used 338K, committed 448K, reserved 1048576K

Heap Regions: E=young(eden), S=young(survivor), O=old, HS=humongous(starts), HC=humongous(continues), CS=collection set, F=free, OA=open archive, CA=closed archive, TAMS=top-at-mark-start (previous, next)
|   0|0x0000000741000000, 0x0000000741000000, 0x0000000741200000|  0%| F|  |TAMS 0x0000000741000000, 0x0000000741000000| Untracked 
|   1|0x0000000741200000, 0x0000000741200000, 0x0000000741400000|  0%| F|  |TAMS 0x0000000741200000, 0x0000000741200000| Untracked 
|   2|0x0000000741400000, 0x0000000741400000, 0x0000000741600000|  0%| F|  |TAMS 0x0000000741400000, 0x0000000741400000| Untracked 
|   3|0x0000000741600000, 0x0000000741600000, 0x0000000741800000|  0%| F|  |TAMS 0x0000000741600000, 0x0000000741600000| Untracked 
|   4|0x0000000741800000, 0x0000000741800000, 0x0000000741a00000|  0%| F|  |TAMS 0x0000000741800000, 0x0000000741800000| Untracked 
|   5|0x0000000741a00000, 0x0000000741a00000, 0x0000000741c00000|  0%| F|  |TAMS 0x0000000741a00000, 0x0000000741a00000| Untracked 
|   6|0x0000000741c00000, 0x0000000741c00000, 0x0000000741e00000|  0%| F|  |TAMS 0x0000000741c00000, 0x0000000741c00000| Untracked 
|   7|0x0000000741e00000, 0x0000000741e00000, 0x0000000742000000|  0%| F|  |TAMS 0x0000000741e00000, 0x0000000741e00000| Untracked 
|   8|0x0000000742000000, 0x0000000742000000, 0x0000000742200000|  0%| F|  |TAMS 0x0000000742000000, 0x0000000742000000| Untracked 
|   9|0x0000000742200000, 0x0000000742200000, 0x0000000742400000|  0%| F|  |TAMS 0x0000000742200000, 0x0000000742200000| Untracked 
|  10|0x0000000742400000, 0x0000000742400000, 0x0000000742600000|  0%| F|  |TAMS 0x0000000742400000, 0x0000000742400000| Untracked 
|  11|0x0000000742600000, 0x0000000742600000, 0x0000000742800000|  0%| F|  |TAMS 0x0000000742600000, 0x0000000742600000| Untracked 
|  12|0x0000000742800000, 0x0000000742800000, 0x0000000742a00000|  0%| F|  |TAMS 0x0000000742800000, 0x0000000742800000| Untracked 
|  13|0x0000000742a00000, 0x0000000742a00000, 0x0000000742c00000|  0%| F|  |TAMS 0x0000000742a00000, 0x0000000742a00000| Untracked 
|  14|0x0000000742c00000, 0x0000000742c00000, 0x0000000742e00000|  0%| F|  |TAMS 0x0000000742c00000, 0x0000000742c00000| Untracked 
|  15|0x0000000742e00000, 0x0000000742e00000, 0x0000000743000000|  0%| F|  |TAMS 0x0000000742e00000, 0x0000000742e00000| Untracked 
|  16|0x0000000743000000, 0x0000000743000000, 0x0000000743200000|  0%| F|  |TAMS 0x0000000743000000, 0x0000000743000000| Untracked 
|  17|0x0000000743200000, 0x0000000743200000, 0x0000000743400000|  0%| F|  |TAMS 0x0000000743200000, 0x0000000743200000| Untracked 
|  18|0x0000000743400000, 0x0000000743400000, 0x0000000743600000|  0%| F|  |TAMS 0x0000000743400000, 0x0000000743400000| Untracked 
|  19|0x0000000743600000, 0x0000000743600000, 0x0000000743800000|  0%| F|  |TAMS 0x0000000743600000, 0x0000000743600000| Untracked 
|  20|0x0000000743800000, 0x0000000743800000, 0x0000000743a00000|  0%| F|  |TAMS 0x0000000743800000, 0x0000000743800000| Untracked 
|  21|0x0000000743a00000, 0x0000000743a00000, 0x0000000743c00000|  0%| F|  |TAMS 0x0000000743a00000, 0x0000000743a00000| Untracked 
|  22|0x0000000743c00000, 0x0000000743c00000, 0x0000000743e00000|  0%| F|  |TAMS 0x0000000743c00000, 0x0000000743c00000| Untracked 
|  23|0x0000000743e00000, 0x0000000743e00000, 0x0000000744000000|  0%| F|  |TAMS 0x0000000743e00000, 0x0000000743e00000| Untracked 
|  24|0x0000000744000000, 0x0000000744000000, 0x0000000744200000|  0%| F|  |TAMS 0x0000000744000000, 0x0000000744000000| Untracked 
|  25|0x0000000744200000, 0x0000000744200000, 0x0000000744400000|  0%| F|  |TAMS 0x0000000744200000, 0x0000000744200000| Untracked 
|  26|0x0000000744400000, 0x0000000744400000, 0x0000000744600000|  0%| F|  |TAMS 0x0000000744400000, 0x0000000744400000| Untracked 
|  27|0x0000000744600000, 0x0000000744600000, 0x0000000744800000|  0%| F|  |TAMS 0x0000000744600000, 0x0000000744600000| Untracked 
|  28|0x0000000744800000, 0x0000000744800000, 0x0000000744a00000|  0%| F|  |TAMS 0x0000000744800000, 0x0000000744800000| Untracked 
|  29|0x0000000744a00000, 0x0000000744a00000, 0x0000000744c00000|  0%| F|  |TAMS 0x0000000744a00000, 0x0000000744a00000| Untracked 
|  30|0x0000000744c00000, 0x0000000744c00000, 0x0000000744e00000|  0%| F|  |TAMS 0x0000000744c00000, 0x0000000744c00000| Untracked 
|  31|0x0000000744e00000, 0x0000000744e00000, 0x0000000745000000|  0%| F|  |TAMS 0x0000000744e00000, 0x0000000744e00000| Untracked 
|  32|0x0000000745000000, 0x0000000745000000, 0x0000000745200000|  0%| F|  |TAMS 0x0000000745000000, 0x0000000745000000| Untracked 
|  33|0x0000000745200000, 0x0000000745200000, 0x0000000745400000|  0%| F|  |TAMS 0x0000000745200000, 0x0000000745200000| Untracked 
|  34|0x0000000745400000, 0x0000000745400000, 0x0000000745600000|  0%| F|  |TAMS 0x0000000745400000, 0x0000000745400000| Untracked 
|  35|0x0000000745600000, 0x0000000745600000, 0x0000000745800000|  0%| F|  |TAMS 0x0000000745600000, 0x0000000745600000| Untracked 
|  36|0x0000000745800000, 0x0000000745800000, 0x0000000745a00000|  0%| F|  |TAMS 0x0000000745800000, 0x0000000745800000| Untracked 
|  37|0x0000000745a00000, 0x0000000745a00000, 0x0000000745c00000|  0%| F|  |TAMS 0x0000000745a00000, 0x0000000745a00000| Untracked 
|  38|0x0000000745c00000, 0x0000000745c00000, 0x0000000745e00000|  0%| F|  |TAMS 0x0000000745c00000, 0x0000000745c00000| Untracked 
|  39|0x0000000745e00000, 0x0000000745e00000, 0x0000000746000000|  0%| F|  |TAMS 0x0000000745e00000, 0x0000000745e00000| Untracked 
|  40|0x0000000746000000, 0x0000000746000000, 0x0000000746200000|  0%| F|  |TAMS 0x0000000746000000, 0x0000000746000000| Untracked 
|  41|0x0000000746200000, 0x0000000746200000, 0x0000000746400000|  0%| F|  |TAMS 0x0000000746200000, 0x0000000746200000| Untracked 
|  42|0x0000000746400000, 0x0000000746400000, 0x0000000746600000|  0%| F|  |TAMS 0x0000000746400000, 0x0000000746400000| Untracked 
|  43|0x0000000746600000, 0x0000000746600000, 0x0000000746800000|  0%| F|  |TAMS 0x0000000746600000, 0x0000000746600000| Untracked 
|  44|0x0000000746800000, 0x0000000746800000, 0x0000000746a00000|  0%| F|  |TAMS 0x0000000746800000, 0x0000000746800000| Untracked 
|  45|0x0000000746a00000, 0x0000000746a00000, 0x0000000746c00000|  0%| F|  |TAMS 0x0000000746a00000, 0x0000000746a00000| Untracked 
|  46|0x0000000746c00000, 0x0000000746c00000, 0x0000000746e00000|  0%| F|  |TAMS 0x0000000746c00000, 0x0000000746c00000| Untracked 
|  47|0x0000000746e00000, 0x0000000746e00000, 0x0000000747000000|  0%| F|  |TAMS 0x0000000746e00000, 0x0000000746e00000| Untracked 
|  48|0x0000000747000000, 0x0000000747000000, 0x0000000747200000|  0%| F|  |TAMS 0x0000000747000000, 0x0000000747000000| Untracked 
|  49|0x0000000747200000, 0x0000000747200000, 0x0000000747400000|  0%| F|  |TAMS 0x0000000747200000, 0x0000000747200000| Untracked 
|  50|0x0000000747400000, 0x0000000747400000, 0x0000000747600000|  0%| F|  |TAMS 0x0000000747400000, 0x0000000747400000| Untracked 
|  51|0x0000000747600000, 0x0000000747600000, 0x0000000747800000|  0%| F|  |TAMS 0x0000000747600000, 0x0000000747600000| Untracked 
|  52|0x0000000747800000, 0x0000000747800000, 0x0000000747a00000|  0%| F|  |TAMS 0x0000000747800000, 0x0000000747800000| Untracked 
|  53|0x0000000747a00000, 0x0000000747a00000, 0x0000000747c00000|  0%| F|  |TAMS 0x0000000747a00000, 0x0000000747a00000| Untracked 
|  54|0x0000000747c00000, 0x0000000747c00000, 0x0000000747e00000|  0%| F|  |TAMS 0x0000000747c00000, 0x0000000747c00000| Untracked 
|  55|0x0000000747e00000, 0x0000000747e00000, 0x0000000748000000|  0%| F|  |TAMS 0x0000000747e00000, 0x0000000747e00000| Untracked 
|  56|0x0000000748000000, 0x0000000748000000, 0x0000000748200000|  0%| F|  |TAMS 0x0000000748000000, 0x0000000748000000| Untracked 
|  57|0x0000000748200000, 0x0000000748200000, 0x0000000748400000|  0%| F|  |TAMS 0x0000000748200000, 0x0000000748200000| Untracked 
|  58|0x0000000748400000, 0x0000000748400000, 0x0000000748600000|  0%| F|  |TAMS 0x0000000748400000, 0x0000000748400000| Untracked 
|  59|0x0000000748600000, 0x0000000748600000, 0x0000000748800000|  0%| F|  |TAMS 0x0000000748600000, 0x0000000748600000| Untracked 
|  60|0x0000000748800000, 0x0000000748800000, 0x0000000748a00000|  0%| F|  |TAMS 0x0000000748800000, 0x0000000748800000| Untracked 
|  61|0x0000000748a00000, 0x0000000748a00000, 0x0000000748c00000|  0%| F|  |TAMS 0x0000000748a00000, 0x0000000748a00000| Untracked 
|  62|0x0000000748c00000, 0x0000000748c00000, 0x0000000748e00000|  0%| F|  |TAMS 0x0000000748c00000, 0x0000000748c00000| Untracked 
|  63|0x0000000748e00000, 0x0000000748e00000, 0x0000000749000000|  0%| F|  |TAMS 0x0000000748e00000, 0x0000000748e00000| Untracked 
|  64|0x0000000749000000, 0x0000000749000000, 0x0000000749200000|  0%| F|  |TAMS 0x0000000749000000, 0x0000000749000000| Untracked 
|  65|0x0000000749200000, 0x0000000749200000, 0x0000000749400000|  0%| F|  |TAMS 0x0000000749200000, 0x0000000749200000| Untracked 
|  66|0x0000000749400000, 0x0000000749400000, 0x0000000749600000|  0%| F|  |TAMS 0x0000000749400000, 0x0000000749400000| Untracked 
|  67|0x0000000749600000, 0x0000000749600000, 0x0000000749800000|  0%| F|  |TAMS 0x0000000749600000, 0x0000000749600000| Untracked 
|  68|0x0000000749800000, 0x0000000749800000, 0x0000000749a00000|  0%| F|  |TAMS 0x0000000749800000, 0x0000000749800000| Untracked 
|  69|0x0000000749a00000, 0x0000000749a00000, 0x0000000749c00000|  0%| F|  |TAMS 0x0000000749a00000, 0x0000000749a00000| Untracked 
|  70|0x0000000749c00000, 0x0000000749c00000, 0x0000000749e00000|  0%| F|  |TAMS 0x0000000749c00000, 0x0000000749c00000| Untracked 
|  71|0x0000000749e00000, 0x0000000749e00000, 0x000000074a000000|  0%| F|  |TAMS 0x0000000749e00000, 0x0000000749e00000| Untracked 
|  72|0x000000074a000000, 0x000000074a000000, 0x000000074a200000|  0%| F|  |TAMS 0x000000074a000000, 0x000000074a000000| Untracked 
|  73|0x000000074a200000, 0x000000074a200000, 0x000000074a400000|  0%| F|  |TAMS 0x000000074a200000, 0x000000074a200000| Untracked 
|  74|0x000000074a400000, 0x000000074a400000, 0x000000074a600000|  0%| F|  |TAMS 0x000000074a400000, 0x000000074a400000| Untracked 
|  75|0x000000074a600000, 0x000000074a600000, 0x000000074a800000|  0%| F|  |TAMS 0x000000074a600000, 0x000000074a600000| Untracked 
|  76|0x000000074a800000, 0x000000074a800000, 0x000000074aa00000|  0%| F|  |TAMS 0x000000074a800000, 0x000000074a800000| Untracked 
|  77|0x000000074aa00000, 0x000000074aa00000, 0x000000074ac00000|  0%| F|  |TAMS 0x000000074aa00000, 0x000000074aa00000| Untracked 
|  78|0x000000074ac00000, 0x000000074ac00000, 0x000000074ae00000|  0%| F|  |TAMS 0x000000074ac00000, 0x000000074ac00000| Untracked 
|  79|0x000000074ae00000, 0x000000074ae00000, 0x000000074b000000|  0%| F|  |TAMS 0x000000074ae00000, 0x000000074ae00000| Untracked 
|  80|0x000000074b000000, 0x000000074b000000, 0x000000074b200000|  0%| F|  |TAMS 0x000000074b000000, 0x000000074b000000| Untracked 
|  81|0x000000074b200000, 0x000000074b200000, 0x000000074b400000|  0%| F|  |TAMS 0x000000074b200000, 0x000000074b200000| Untracked 
|  82|0x000000074b400000, 0x000000074b400000, 0x000000074b600000|  0%| F|  |TAMS 0x000000074b400000, 0x000000074b400000| Untracked 
|  83|0x000000074b600000, 0x000000074b600000, 0x000000074b800000|  0%| F|  |TAMS 0x000000074b600000, 0x000000074b600000| Untracked 
|  84|0x000000074b800000, 0x000000074b800000, 0x000000074ba00000|  0%| F|  |TAMS 0x000000074b800000, 0x000000074b800000| Untracked 
|  85|0x000000074ba00000, 0x000000074ba00000, 0x000000074bc00000|  0%| F|  |TAMS 0x000000074ba00000, 0x000000074ba00000| Untracked 
|  86|0x000000074bc00000, 0x000000074bc00000, 0x000000074be00000|  0%| F|  |TAMS 0x000000074bc00000, 0x000000074bc00000| Untracked 
|  87|0x000000074be00000, 0x000000074be00000, 0x000000074c000000|  0%| F|  |TAMS 0x000000074be00000, 0x000000074be00000| Untracked 
|  88|0x000000074c000000, 0x000000074c000000, 0x000000074c200000|  0%| F|  |TAMS 0x000000074c000000, 0x000000074c000000| Untracked 
|  89|0x000000074c200000, 0x000000074c200000, 0x000000074c400000|  0%| F|  |TAMS 0x000000074c200000, 0x000000074c200000| Untracked 
|  90|0x000000074c400000, 0x000000074c538720, 0x000000074c600000| 61%| E|  |TAMS 0x000000074c400000, 0x000000074c400000| Complete 
|  91|0x000000074c600000, 0x000000074c800000, 0x000000074c800000|100%| E|CS|TAMS 0x000000074c600000, 0x000000074c600000| Complete 
|  92|0x000000074c800000, 0x000000074ca00000, 0x000000074ca00000|100%| E|CS|TAMS 0x000000074c800000, 0x000000074c800000| Complete 
|  93|0x000000074ca00000, 0x000000074cc00000, 0x000000074cc00000|100%| E|CS|TAMS 0x000000074ca00000, 0x000000074ca00000| Complete 
|  94|0x000000074cc00000, 0x000000074ce00000, 0x000000074ce00000|100%| E|CS|TAMS 0x000000074cc00000, 0x000000074cc00000| Complete 
|  95|0x000000074ce00000, 0x000000074d000000, 0x000000074d000000|100%| E|CS|TAMS 0x000000074ce00000, 0x000000074ce00000| Complete 

Card table byte_map: [0x000002016bf00000,0x000002016c500000] _byte_map_base: 0x00000201684f8000

Marking Bits (Prev, Next): (CMBitMap*) 0x0000020153f958d0, (CMBitMap*) 0x0000020153f95910
 Prev Bits: [0x000002016cb00000, 0x000002016fac0000)
 Next Bits: [0x000002016fac0000, 0x0000020172a80000)

Polling page: 0x0000020151ce0000

Metaspace:

Usage:
  Non-class:      3.06 MB used.
      Class:    338.55 KB used.
       Both:      3.39 MB used.

Virtual space:
  Non-class space:        8.00 MB reserved,       3.12 MB ( 39%) committed,  1 nodes.
      Class space:        1.00 GB reserved,     448.00 KB ( <1%) committed,  1 nodes.
              Both:        1.01 GB reserved,       3.56 MB ( <1%) committed. 

Chunk freelists:
   Non-Class:  3.53 MB
       Class:  3.54 MB
        Both:  7.06 MB

MaxMetaspaceSize: 17179869184.00 GB
CompressedClassSpaceSize: 1.00 GB
 - commit_granule_bytes: 65536.
 - commit_granule_words: 8192.
 - virtual_space_node_default_size: 1048576.
 - enlarge_chunks_in_place: 1.
 - new_chunks_are_fully_committed: 0.
 - uncommit_free_chunks: 1.
 - use_allocation_guard: 0.
 - handle_deallocations: 1.


Internal statistics:

num_allocs_failed_limit: 0.
num_arena_births: 86.
num_arena_deaths: 0.
num_vsnodes_births: 2.
num_vsnodes_deaths: 0.
num_space_committed: 57.
num_space_uncommitted: 0.
num_chunks_returned_to_freelist: 0.
num_chunks_taken_from_freelist: 122.
num_chunk_merges: 0.
num_chunk_splits: 82.
num_chunks_enlarged: 52.
num_purges: 0.

CodeHeap 'non-profiled nmethods': size=120000Kb used=232Kb max_used=232Kb free=119767Kb
 bounds [0x00000201643d0000, 0x0000020164640000, 0x000002016b900000]
CodeHeap 'profiled nmethods': size=120000Kb used=1091Kb max_used=1091Kb free=118908Kb
 bounds [0x000002015cea0000, 0x000002015d110000, 0x00000201643d0000]
CodeHeap 'non-nmethods': size=5760Kb used=1260Kb max_used=1269Kb free=4499Kb
 bounds [0x000002015c900000, 0x000002015cb70000, 0x000002015cea0000]
 total_blobs=1204 nmethods=722 adapters=395
 compilation: enabled
              stopped_count=0, restarted_count=0
 full_count=0

Compilation events (20 events):
Event: 0.327 Thread 0x0000020174f78e80 nmethod 692 0x000002015cfa1810 code [0x000002015cfa19c0, 0x000002015cfa1b88]
Event: 0.327 Thread 0x0000020174f78e80  696       3       java.lang.invoke.DirectMethodHandle::internalMemberName (8 bytes)
Event: 0.327 Thread 0x0000020174f78e80 nmethod 696 0x000002015cfa1c10 code [0x000002015cfa1dc0, 0x000002015cfa1fb8]
Event: 0.328 Thread 0x0000020174f78e80  695       3       java.util.AbstractList::<init> (10 bytes)
Event: 0.328 Thread 0x0000020174f78e80 nmethod 695 0x000002015cfa2090 code [0x000002015cfa2240, 0x000002015cfa2418]
Event: 0.328 Thread 0x0000020174f78e80  697       1       javax.management.MBeanFeatureInfo::getDescription (5 bytes)
Event: 0.328 Thread 0x0000020174f78e80 nmethod 697 0x0000020164409610 code [0x00000201644097a0, 0x0000020164409878]
Event: 0.328 Thread 0x0000020174f78e80  698       2       java.util.HashMap::getNode (150 bytes)
Event: 0.329 Thread 0x0000020174f78e80 nmethod 698 0x000002015cfa2510 code [0x000002015cfa2700, 0x000002015cfa2bf8]
Event: 0.329 Thread 0x0000020174f78e80  700       3       java.util.TreeMap::put (221 bytes)
Event: 0.330 Thread 0x0000020174f78e80 nmethod 700 0x000002015cfa2e90 code [0x000002015cfa3100, 0x000002015cfa3d88]
Event: 0.330 Thread 0x0000020174f78e80  703       3       sun.reflect.generics.parser.SignatureParser::current (59 bytes)
Event: 0.330 Thread 0x0000020174f78e80 nmethod 703 0x000002015cfa4110 code [0x000002015cfa4320, 0x000002015cfa4a18]
Event: 0.330 Thread 0x0000020174f78e80  699       3       java.util.TreeMap::put (8 bytes)
Event: 0.330 Thread 0x0000020174f78e80 nmethod 699 0x000002015cfa4d10 code [0x000002015cfa4ec0, 0x000002015cfa5028]
Event: 0.330 Thread 0x0000020174f78e80  702       3       java.util.LinkedHashMap$LinkedHashIterator::hasNext (13 bytes)
Event: 0.331 Thread 0x0000020174f78e80 nmethod 702 0x000002015cfa5110 code [0x000002015cfa52a0, 0x000002015cfa5418]
Event: 0.331 Thread 0x0000020174f78e80  701       1       java.lang.reflect.Method::getRoot (5 bytes)
Event: 0.331 Thread 0x0000020174f78e80 nmethod 701 0x0000020164409910 code [0x0000020164409aa0, 0x0000020164409b78]
Event: 0.331 Thread 0x0000020174f78e80  704       3       java.lang.invoke.MemberName::getName (25 bytes)

GC Heap History (0 events):
No events

Deoptimization events (20 events):
Event: 0.319 Thread 0x0000020153f54900 Uncommon trap: trap_request=0xffffffde fr.pc=0x00000201643e57e8 relative=0x0000000000000568
Event: 0.319 Thread 0x0000020153f54900 Uncommon trap: reason=class_check action=maybe_recompile pc=0x00000201643e57e8 method=java.util.HashMap.putVal(ILjava/lang/Object;Ljava/lang/Object;ZZ)Ljava/lang/Object; @ 253 c2
Event: 0.319 Thread 0x0000020153f54900 DEOPT PACKING pc=0x00000201643e57e8 sp=0x0000002bb21fe0a0
Event: 0.319 Thread 0x0000020153f54900 DEOPT UNPACKING pc=0x000002015c94d72e sp=0x0000002bb21fe060 mode 2
Event: 0.320 Thread 0x0000020153f54900 Uncommon trap: trap_request=0xffffffde fr.pc=0x0000020164403548 relative=0x0000000000000408
Event: 0.320 Thread 0x0000020153f54900 Uncommon trap: reason=class_check action=maybe_recompile pc=0x0000020164403548 method=java.util.HashMap.getNode(Ljava/lang/Object;)Ljava/util/HashMap$Node; @ 63 c2
Event: 0.320 Thread 0x0000020153f54900 DEOPT PACKING pc=0x0000020164403548 sp=0x0000002bb21fd9f0
Event: 0.320 Thread 0x0000020153f54900 DEOPT UNPACKING pc=0x000002015c94d72e sp=0x0000002bb21fd988 mode 2
Event: 0.320 Thread 0x0000020153f54900 Uncommon trap: trap_request=0xffffffde fr.pc=0x0000020164403548 relative=0x0000000000000408
Event: 0.320 Thread 0x0000020153f54900 Uncommon trap: reason=class_check action=maybe_recompile pc=0x0000020164403548 method=java.util.HashMap.getNode(Ljava/lang/Object;)Ljava/util/HashMap$Node; @ 63 c2
Event: 0.320 Thread 0x0000020153f54900 DEOPT PACKING pc=0x0000020164403548 sp=0x0000002bb21fd800
Event: 0.320 Thread 0x0000020153f54900 DEOPT UNPACKING pc=0x000002015c94d72e sp=0x0000002bb21fd798 mode 2
Event: 0.321 Thread 0x0000020153f54900 Uncommon trap: trap_request=0xffffffde fr.pc=0x0000020164403548 relative=0x0000000000000408
Event: 0.321 Thread 0x0000020153f54900 Uncommon trap: reason=class_check action=maybe_recompile pc=0x0000020164403548 method=java.util.HashMap.getNode(Ljava/lang/Object;)Ljava/util/HashMap$Node; @ 63 c2
Event: 0.321 Thread 0x0000020153f54900 DEOPT PACKING pc=0x0000020164403548 sp=0x0000002bb21fd630
Event: 0.321 Thread 0x0000020153f54900 DEOPT UNPACKING pc=0x000002015c94d72e sp=0x0000002bb21fd5c8 mode 2
Event: 0.321 Thread 0x0000020153f54900 Uncommon trap: trap_request=0xffffffde fr.pc=0x0000020164403548 relative=0x0000000000000408
Event: 0.321 Thread 0x0000020153f54900 Uncommon trap: reason=class_check action=maybe_recompile pc=0x0000020164403548 method=java.util.HashMap.getNode(Ljava/lang/Object;)Ljava/util/HashMap$Node; @ 63 c2
Event: 0.321 Thread 0x0000020153f54900 DEOPT PACKING pc=0x0000020164403548 sp=0x0000002bb21fd440
Event: 0.321 Thread 0x0000020153f54900 DEOPT UNPACKING pc=0x000002015c94d72e sp=0x0000002bb21fd3d8 mode 2

Classes unloaded (0 events):
No events

Classes redefined (0 events):
No events

Internal exceptions (12 events):
Event: 0.094 Thread 0x0000020153f54900 Exception <a 'java/lang/ClassNotFoundException'{0x000000074cfeed40}: org/apache/catalina/webresources/jar/Handler> (0x000000074cfeed40) 
thrown [j:\jenkins\tmp\workspace\build\src\src\hotspot\share\classfile\systemDictionary.cpp, line 256]
Event: 0.095 Thread 0x0000020153f54900 Exception <a 'java/lang/ClassNotFoundException'{0x000000074cfefa68}: org/apache/catalina/webresources/jar/Handler> (0x000000074cfefa68) 
thrown [j:\jenkins\tmp\workspace\build\src\src\hotspot\share\classfile\systemDictionary.cpp, line 256]
Event: 0.095 Thread 0x0000020153f54900 Exception <a 'java/lang/ClassNotFoundException'{0x000000074cff0800}: org/apache/catalina/webresources/jar/Handler> (0x000000074cff0800) 
thrown [j:\jenkins\tmp\workspace\build\src\src\hotspot\share\classfile\systemDictionary.cpp, line 256]
Event: 0.120 Thread 0x0000020153f54900 Exception <a 'java/lang/NoSuchMethodError'{0x000000074cc788f0}: 'void java.lang.invoke.DirectMethodHandle$Holder.invokeSpecial(java.lang.Object, java.lang.Object, java.lang.Object)'> (0x000000074cc788f0) 
thrown [j:\jenkins\tmp\workspace\build\src\src\hotspot\share\interpreter\linkResolver.cpp, line 790]
Event: 0.129 Thread 0x0000020153f54900 Exception <a 'java/lang/NoSuchMethodError'{0x000000074ccb3d70}: 'java.lang.Object java.lang.invoke.DirectMethodHandle$Holder.invokeStatic(java.lang.Object)'> (0x000000074ccb3d70) 
thrown [j:\jenkins\tmp\workspace\build\src\src\hotspot\share\interpreter\linkResolver.cpp, line 790]
Event: 0.138 Thread 0x0000020153f54900 Exception <a 'java/lang/NoSuchMethodError'{0x000000074cd010a0}: 'java.lang.Object java.lang.invoke.DirectMethodHandle$Holder.invokeStaticInit(java.lang.Object)'> (0x000000074cd010a0) 
thrown [j:\jenkins\tmp\workspace\build\src\src\hotspot\share\interpreter\linkResolver.cpp, line 790]
Event: 0.251 Thread 0x0000020175c0dc20 Implicit null exception at 0x00000201643ec660 to 0x00000201643ec6fa
Event: 0.291 Thread 0x0000020153f54900 Exception <a 'java/lang/NoSuchMethodError'{0x000000074c7ab870}: 'java.lang.Object java.lang.invoke.DirectMethodHandle$Holder.invokeInterface(java.lang.Object, java.lang.Object)'> (0x000000074c7ab870) 
thrown [j:\jenkins\tmp\workspace\build\src\src\hotspot\share\interpreter\linkResolver.cpp, line 790]
Event: 0.292 Thread 0x0000020153f54900 Exception <a 'java/lang/NoSuchMethodError'{0x000000074c7b3c80}: 'java.lang.Object java.lang.invoke.DirectMethodHandle$Holder.invokeStaticInit(java.lang.Object, java.lang.Object, java.lang.Object)'> (0x000000074c7b3c80) 
thrown [j:\jenkins\tmp\workspace\build\src\src\hotspot\share\interpreter\linkResolver.cpp, line 790]
Event: 0.296 Thread 0x0000020153f54900 Exception <a 'java/lang/NoSuchMethodError'{0x000000074c7d4e68}: 'int java.lang.invoke.DirectMethodHandle$Holder.invokeInterface(java.lang.Object, java.lang.Object)'> (0x000000074c7d4e68) 
thrown [j:\jenkins\tmp\workspace\build\src\src\hotspot\share\interpreter\linkResolver.cpp, line 790]
Event: 0.297 Thread 0x0000020153f54900 Exception <a 'java/lang/IncompatibleClassChangeError'{0x000000074c7d8660}: Found class java.lang.Object, but interface was expected> (0x000000074c7d8660) 
thrown [j:\jenkins\tmp\workspace\build\src\src\hotspot\share\interpreter\linkResolver.cpp, line 857]
Event: 0.298 Thread 0x0000020153f54900 Exception <a 'java/lang/NoSuchMethodError'{0x000000074c7de478}: 'void java.lang.invoke.DirectMethodHandle$Holder.invokeStatic(java.lang.Object, java.lang.Object)'> (0x000000074c7de478) 
thrown [j:\jenkins\tmp\workspace\build\src\src\hotspot\share\interpreter\linkResolver.cpp, line 790]

Events (20 events):
Event: 0.330 loading class java/lang/annotation/Inherited
Event: 0.330 loading class java/lang/annotation/Inherited done
Event: 0.330 loading class java/lang/annotation/Documented
Event: 0.330 loading class java/lang/annotation/Documented done
Event: 0.330 loading class java/lang/annotation/RetentionPolicy
Event: 0.330 loading class java/lang/annotation/RetentionPolicy done
Event: 0.330 loading class sun/reflect/annotation/AnnotationTypeMismatchExceptionProxy
Event: 0.330 loading class sun/reflect/annotation/AnnotationTypeMismatchExceptionProxy done
Event: 0.330 loading class sun/reflect/annotation/AnnotationParser$1
Event: 0.330 loading class sun/reflect/annotation/AnnotationParser$1 done
Event: 0.330 loading class sun/reflect/annotation/AnnotationInvocationHandler
Event: 0.331 loading class java/lang/reflect/InvocationHandler
Event: 0.331 loading class java/lang/reflect/InvocationHandler done
Event: 0.331 loading class sun/reflect/annotation/AnnotationInvocationHandler done
Event: 0.331 loading class java/lang/reflect/Proxy
Event: 0.331 loading class java/lang/reflect/Proxy done
Event: 0.331 loading class java/lang/reflect/Proxy$1
Event: 0.331 loading class java/lang/reflect/Proxy$1 done
Event: 0.331 loading class jdk/internal/loader/AbstractClassLoaderValue$Sub
Event: 0.331 loading class jdk/internal/loader/AbstractClassLoaderValue$Sub done


Dynamic libraries:
0x00007ff6c5c90000 - 0x00007ff6c5c9e000 	C:\Users\rit20\.jdks\adopt-openjdk-16\bin\java.exe
0x00007ffeea790000 - 0x00007ffeea985000 	C:\Windows\SYSTEM32\ntdll.dll
0x00007ffee8b00000 - 0x00007ffee8bbd000 	C:\Windows\System32\KERNEL32.DLL
0x00007ffee8260000 - 0x00007ffee8528000 	C:\Windows\System32\KERNELBASE.dll
0x00007ffee86c0000 - 0x00007ffee87c0000 	C:\Windows\System32\ucrtbase.dll
0x00007ffedb8a0000 - 0x00007ffedb8b8000 	C:\Users\rit20\.jdks\adopt-openjdk-16\bin\jli.dll
0x00007ffee9c60000 - 0x00007ffee9e00000 	C:\Windows\System32\USER32.dll
0x00007ffed9040000 - 0x00007ffed9059000 	C:\Users\rit20\.jdks\adopt-openjdk-16\bin\VCRUNTIME140.dll
0x00007ffee8690000 - 0x00007ffee86b2000 	C:\Windows\System32\win32u.dll
0x00007ffee8ad0000 - 0x00007ffee8afa000 	C:\Windows\System32\GDI32.dll
0x00007ffee8150000 - 0x00007ffee825b000 	C:\Windows\System32\gdi32full.dll
0x00007ffed9c70000 - 0x00007ffed9f0a000 	C:\Windows\WinSxS\amd64_microsoft.windows.common-controls_6595b64144ccf1df_6.0.19041.844_none_ca00b6081b84eb1d\COMCTL32.dll
0x00007ffee7fa0000 - 0x00007ffee803d000 	C:\Windows\System32\msvcp_win.dll
0x00007ffee8ea0000 - 0x00007ffee8f3e000 	C:\Windows\System32\msvcrt.dll
0x00007ffee8aa0000 - 0x00007ffee8ad0000 	C:\Windows\System32\IMM32.DLL
0x00007ffee3a00000 - 0x00007ffee3a0c000 	C:\Users\rit20\.jdks\adopt-openjdk-16\bin\vcruntime140_1.dll
0x00007ffeca580000 - 0x00007ffeca611000 	C:\Users\rit20\.jdks\adopt-openjdk-16\bin\msvcp140.dll
0x00007ffea42e0000 - 0x00007ffea4f17000 	C:\Users\rit20\.jdks\adopt-openjdk-16\bin\server\jvm.dll
0x00007ffee8bc0000 - 0x00007ffee8c6c000 	C:\Windows\System32\ADVAPI32.dll
0x00007ffeea5d0000 - 0x00007ffeea66b000 	C:\Windows\System32\sechost.dll
0x00007ffee9300000 - 0x00007ffee942b000 	C:\Windows\System32\RPCRT4.dll
0x00007ffeea320000 - 0x00007ffeea328000 	C:\Windows\System32\PSAPI.DLL
0x00007ffed83c0000 - 0x00007ffed83c9000 	C:\Windows\SYSTEM32\WSOCK32.dll
0x00007ffee1f80000 - 0x00007ffee1f8a000 	C:\Windows\SYSTEM32\VERSION.dll
0x00007ffedc780000 - 0x00007ffedc7a7000 	C:\Windows\SYSTEM32\WINMM.dll
0x00007ffee8e30000 - 0x00007ffee8e9b000 	C:\Windows\System32\WS2_32.dll
0x00007ffee5d10000 - 0x00007ffee5d22000 	C:\Windows\SYSTEM32\kernel.appcore.dll
0x00007ffedb890000 - 0x00007ffedb89a000 	C:\Users\rit20\.jdks\adopt-openjdk-16\bin\jimage.dll
0x00007ffed0ae0000 - 0x00007ffed0cc4000 	C:\Windows\SYSTEM32\DBGHELP.DLL
0x00007ffed08f0000 - 0x00007ffed091c000 	C:\Windows\SYSTEM32\dbgcore.DLL
0x00007ffee7f20000 - 0x00007ffee7fa0000 	C:\Windows\System32\bcryptPrimitives.dll
0x00007ffeca270000 - 0x00007ffeca2ab000 	C:\Users\rit20\.jdks\adopt-openjdk-16\bin\jdwp.dll
0x00007ffed1140000 - 0x00007ffed114e000 	C:\Users\rit20\.jdks\adopt-openjdk-16\bin\instrument.dll
0x00007ffed1900000 - 0x00007ffed1925000 	C:\Users\rit20\.jdks\adopt-openjdk-16\bin\java.dll
0x00007ffee9460000 - 0x00007ffee9ba2000 	C:\Windows\System32\SHELL32.dll
0x00007ffee5ff0000 - 0x00007ffee6781000 	C:\Windows\SYSTEM32\windows.storage.dll
0x00007ffee8f40000 - 0x00007ffee9295000 	C:\Windows\System32\combase.dll
0x00007ffee7870000 - 0x00007ffee789c000 	C:\Windows\SYSTEM32\Wldp.dll
0x00007ffee9bb0000 - 0x00007ffee9c5e000 	C:\Windows\System32\SHCORE.dll
0x00007ffeea3c0000 - 0x00007ffeea415000 	C:\Windows\System32\shlwapi.dll
0x00007ffee7e10000 - 0x00007ffee7e2f000 	C:\Windows\SYSTEM32\profapi.dll
0x00007ffed10c0000 - 0x00007ffed10cc000 	C:\Users\rit20\.jdks\adopt-openjdk-16\bin\dt_socket.dll
0x00007ffee7310000 - 0x00007ffee734b000 	C:\Windows\SYSTEM32\IPHLPAPI.DLL
0x00007ffee7650000 - 0x00007ffee76ba000 	C:\Windows\system32\mswsock.dll
0x00007ffed1310000 - 0x00007ffed1328000 	C:\Users\rit20\.jdks\adopt-openjdk-16\bin\zip.dll
0x00007ffed13b0000 - 0x00007ffed13c9000 	C:\Users\rit20\.jdks\adopt-openjdk-16\bin\net.dll
0x00007ffedf060000 - 0x00007ffedf16b000 	C:\Windows\SYSTEM32\WINHTTP.dll
0x00007ffed1330000 - 0x00007ffed1343000 	C:\Users\rit20\.jdks\adopt-openjdk-16\bin\nio.dll
0x00007ffed9070000 - 0x00007ffed9080000 	C:\Users\rit20\.jdks\adopt-openjdk-16\bin\verify.dll
0x00007ffecfca0000 - 0x00007ffecfca9000 	C:\Users\rit20\.jdks\adopt-openjdk-16\bin\management_agent.dll
0x00007ffed9030000 - 0x00007ffed9039000 	C:\Users\rit20\.jdks\adopt-openjdk-16\bin\management.dll
0x00007ffed18f0000 - 0x00007ffed18fb000 	C:\Users\rit20\.jdks\adopt-openjdk-16\bin\management_ext.dll

dbghelp: loaded successfully - version: 4.0.5 - missing functions: none
symbol engine: initialized successfully - sym options: 0x614 - pdb path: .;C:\Users\rit20\.jdks\adopt-openjdk-16\bin;C:\Windows\SYSTEM32;C:\Windows\WinSxS\amd64_microsoft.windows.common-controls_6595b64144ccf1df_6.0.19041.844_none_ca00b6081b84eb1d;C:\Users\rit20\.jdks\adopt-openjdk-16\bin\server

VM Arguments:
jvm_args: --add-opens=java.base/java.lang=ALL-UNNAMED --add-opens=java.base/java.io=ALL-UNNAMED --add-opens=java.base/java.util=ALL-UNNAMED --add-opens=java.base/java.util.concurrent=ALL-UNNAMED --add-opens=java.rmi/sun.rmi.transport=ALL-UNNAMED -Djava.util.logging.config.file=C:\Users\rit20\AppData\Local\JetBrains\IntelliJIdea2021.1\tomcat\3bed2241-97e0-48f2-a085-afe04359781d\conf\logging.properties -Djava.util.logging.manager=org.apache.juli.ClassLoaderLogManager -agentlib:jdwp=transport=dt_socket,address=127.0.0.1:58480,suspend=y,server=n -javaagent:C:\Users\rit20\AppData\Local\JetBrains\IntelliJIdea2021.1\captureAgent\debugger-agent.jar -Dcom.sun.management.jmxremote= -Dcom.sun.management.jmxremote.port=1099 -Dcom.sun.management.jmxremote.ssl=false -Dcom.sun.management.jmxremote.password.file=C:\Users\rit20\AppData\Local\JetBrains\IntelliJIdea2021.1\tomcat\3bed2241-97e0-48f2-a085-afe04359781d\jmxremote.password -Dcom.sun.management.jmxremote.access.file=C:\Users\rit20\AppData\Local\JetBrains\IntelliJIdea2021.1\tomcat\3bed2241-97e0-48f2-a085-afe04359781d\jmxremote.access -Djava.rmi.server.hostname=127.0.0.1 -Djdk.tls.ephemeralDHKeySize=2048 -Djava.protocol.handler.pkgs=org.apache.catalina.webresources -DJDBC_DATABASE_URL=jdbc:postgresql://localhost:5000/db?user=app&password=pass -Dignore.endorsed.dirs= -Dcatalina.base=C:\Users\rit20\AppData\Local\JetBrains\IntelliJIdea2021.1\tomcat\3bed2241-97e0-48f2-a085-afe04359781d -Dcatalina.home=C:\Users\rit20\IdeaProjects\02. Servlets (context with docker2)\apache-tomcat-9.0.45 -Djava.io.tmpdir=C:\Users\rit20\IdeaProjects\02. Servlets (context with docker2)\apache-tomcat-9.0.45\temp 
java_command: org.apache.catalina.startup.Bootstrap start
java_class_path (initial): C:\Users\rit20\IdeaProjects\02. Servlets (context with docker2)\apache-tomcat-9.0.45\bin\bootstrap.jar;C:\Users\rit20\IdeaProjects\02. Servlets (context with docker2)\apache-tomcat-9.0.45\bin\tomcat-juli.jar
Launcher Type: SUN_STANDARD

[Global flags]
     intx CICompilerCount                          = 3                                         {product} {ergonomic}
     uint ConcGCThreads                            = 1                                         {product} {ergonomic}
     uint G1ConcRefinementThreads                  = 4                                         {product} {ergonomic}
   size_t G1HeapRegionSize                         = 2097152                                   {product} {ergonomic}
    uintx GCDrainStackTargetSize                   = 64                                        {product} {ergonomic}
   size_t InitialHeapSize                          = 201326592                                 {product} {ergonomic}
     bool ManagementServer                         = true                                      {product} {command line}
   size_t MarkStackSize                            = 4194304                                   {product} {ergonomic}
   size_t MaxHeapSize                              = 3204448256                                {product} {ergonomic}
   size_t MaxNewSize                               = 1920991232                                {product} {ergonomic}
   size_t MinHeapDeltaBytes                        = 2097152                                   {product} {ergonomic}
   size_t MinHeapSize                              = 8388608                                   {product} {ergonomic}
    uintx NonNMethodCodeHeapSize                   = 5832780                                {pd product} {ergonomic}
    uintx NonProfiledCodeHeapSize                  = 122912730                              {pd product} {ergonomic}
    uintx ProfiledCodeHeapSize                     = 122912730                              {pd product} {ergonomic}
    uintx ReservedCodeCacheSize                    = 251658240                              {pd product} {ergonomic}
     bool SegmentedCodeCache                       = true                                      {product} {ergonomic}
   size_t SoftMaxHeapSize                          = 3204448256                             {manageable} {ergonomic}
     bool UseCompressedClassPointers               = true                           {product lp64_product} {ergonomic}
     bool UseCompressedOops                        = true                           {product lp64_product} {ergonomic}
     bool UseG1GC                                  = true                                      {product} {ergonomic}
     bool UseLargePagesIndividualAllocation        = false                                  {pd product} {ergonomic}

Logging:
Log output configuration:
 #0: stdout all=warning uptime,level,tags
 #1: stderr all=off uptime,level,tags

Environment Variables:
JAVA_HOME=C:\Users\rit20\.jdks\adopt-openjdk-16
CLASSPATH=C:\Users\rit20\IdeaProjects\02. Servlets (context with docker2)\apache-tomcat-9.0.45\bin\bootstrap.jar;C:\Users\rit20\IdeaProjects\02. Servlets (context with docker2)\apache-tomcat-9.0.45\bin\tomcat-juli.jar
PATH=C:\Windows\system32;C:\Windows;C:\Windows\System32\Wbem;C:\Windows\System32\WindowsPowerShell\v1.0\;C:\Windows\System32\OpenSSH\;C:\Program Files (x86)\NVIDIA Corporation\PhysX\Common;C:\Java\apache-maven-3.6.3\bin;C:\Users\rit20\.jdks\adopt-openjdk-16\bin;C:\Program Files\Docker\Docker\resources\bin;C:\ProgramData\DockerDesktop\version-bin;C:\Program Files\Git\cmd;C:\Users\rit20\AppData\Local\Microsoft\WindowsApps;;C:\Program Files\JetBrains\IntelliJ IDEA 2021.1\bin;
USERNAME=rit20
OS=Windows_NT
PROCESSOR_IDENTIFIER=Intel64 Family 6 Model 94 Stepping 3, GenuineIntel



---------------  S Y S T E M  ---------------

OS:
 Windows 10 , 64 bit Build 19041 (10.0.19041.804)
OS uptime: 4 days 20:57 hours
Hyper-V role detected

CPU: total 4 (initial active 4) (4 cores per cpu, 1 threads per core) family 6 model 94 stepping 3 microcode 0xd6, cx8, cmov, fxsr, mmx, 3dnowpref, sse, sse2, sse3, ssse3, sse4.1, sse4.2, popcnt, lzcnt, tsc, tscinvbit, avx, avx2, aes, erms, clmul, bmi1, bmi2, rtm, adx, fma, vzeroupper, clflush, clflushopt, hv

Memory: 4k page, system-wide physical 12221M (2988M free)
TotalPageFile size 21269M (AvailPageFile size 5M)
current process WorkingSet (physical memory assigned to process): 53M, peak: 53M
current process commit charge ("private bytes"): 275M, peak: 275M

vm_info: OpenJDK 64-Bit Server VM (16+36) for windows-amd64 JRE (16+36), built on Mar 11 2021 10:56:33 by "" with MS VC++ 16.7 (VS2019)

END.
