#
# There is insufficient memory for the Java Runtime Environment to continue.
# Native memory allocation (mmap) failed to map 201326592 bytes for G1 virtual space
# Possible reasons:
#   The system is out of physical RAM or swap space
#   The process is running with CompressedOops enabled, and the Java Heap may be blocking the growth of the native heap
# Possible solutions:
#   Reduce memory load on the system
#   Increase physical memory or swap space
#   Check if swap backing store is full
#   Decrease Java heap size (-Xmx/-Xms)
#   Decrease number of Java threads
#   Decrease Java thread stack sizes (-Xss)
#   Set larger code cache with -XX:ReservedCodeCacheSize=
#   JVM is running with Zero Based Compressed Oops mode in which the Java heap is
#     placed in the first 32GB address space. The Java Heap base address is the
#     maximum limit for the native heap growth. Please use -XX:HeapBaseMinAddress
#     to set the Java Heap base and to place the Java Heap above 32GB virtual address.
# This output file may be truncated or incomplete.
#
#  Out of Memory Error (os_windows.cpp:3466), pid=11592, tid=12728
#
# JRE version:  (16.0+36) (build )
# Java VM: OpenJDK 64-Bit Server VM (16+36, mixed mode, sharing, tiered, compressed oops, g1 gc, windows-amd64)
# No core dump will be written. Minidumps are not enabled by default on client versions of Windows
#

---------------  S U M M A R Y ------------

Command Line: --add-opens=java.base/java.lang=ALL-UNNAMED --add-opens=java.base/java.io=ALL-UNNAMED --add-opens=java.base/java.util=ALL-UNNAMED --add-opens=java.base/java.util.concurrent=ALL-UNNAMED --add-opens=java.rmi/sun.rmi.transport=ALL-UNNAMED -Djava.util.logging.config.file=C:\Users\rit20\AppData\Local\JetBrains\IntelliJIdea2021.1\tomcat\3bed2241-97e0-48f2-a085-afe04359781d\conf\logging.properties -Djava.util.logging.manager=org.apache.juli.ClassLoaderLogManager -Djdk.tls.ephemeralDHKeySize=2048 -Djava.protocol.handler.pkgs=org.apache.catalina.webresources -Dignore.endorsed.dirs= -Dcatalina.base=C:\Users\rit20\AppData\Local\JetBrains\IntelliJIdea2021.1\tomcat\3bed2241-97e0-48f2-a085-afe04359781d -Dcatalina.home=C:\Users\rit20\IdeaProjects\02. Servlets (context with docker2)\apache-tomcat-9.0.45 -Djava.io.tmpdir=C:\Users\rit20\IdeaProjects\02. Servlets (context with docker2)\apache-tomcat-9.0.45\temp org.apache.catalina.startup.Bootstrap stop

Host: Intel(R) Core(TM) i5-6500 CPU @ 3.20GHz, 4 cores, 11G,  Windows 10 , 64 bit Build 19041 (10.0.19041.804)
Time: Mon Apr 19 19:21:17 2021 RTZ 2 (s 10 , 64 bit Build 19041 (10.0.19041.804) elapsed time: 0.011972 seconds (0d 0h 0m 0s)

---------------  T H R E A D  ---------------

Current thread (0x000001b87c9bb270):  JavaThread "Unknown thread" [_thread_in_vm, id=12728, stack(0x0000002009d00000,0x0000002009e00000)]

Stack: [0x0000002009d00000,0x0000002009e00000]
Native frames: (J=compiled Java code, j=interpreted, Vv=VM code, C=native code)
V  [jvm.dll+0x67901a]
V  [jvm.dll+0x82af99]
V  [jvm.dll+0x82c6d3]
V  [jvm.dll+0x82cd33]
V  [jvm.dll+0x24eef5]
V  [jvm.dll+0x675d69]
V  [jvm.dll+0x66a935]
V  [jvm.dll+0x308edb]
V  [jvm.dll+0x310056]
V  [jvm.dll+0x36004e]
V  [jvm.dll+0x36027f]
V  [jvm.dll+0x2dfbc8]
V  [jvm.dll+0x2e0e04]
V  [jvm.dll+0x7fd2a1]
V  [jvm.dll+0x36ddf1]
V  [jvm.dll+0x7dad90]
V  [jvm.dll+0x3f2a9f]
V  [jvm.dll+0x3f4831]
C  [jli.dll+0x52fb]
C  [ucrtbase.dll+0x21bb2]
C  [KERNEL32.DLL+0x17034]
C  [ntdll.dll+0x52651]


---------------  P R O C E S S  ---------------

Threads class SMR info:
_java_thread_list=0x00007ffea4e71378, length=0, elements={
}

Java Threads: ( => current thread )

Other Threads:
  0x000001b87ca006e0 GCTaskThread "GC Thread#0" [stack: 0x0000002009e00000,0x0000002009f00000] [id=13568]
  0x000001b87ca0e630 ConcurrentGCThread "G1 Main Marker" [stack: 0x0000002009f00000,0x000000200a000000] [id=12588]
  0x000001b87ca0f0a0 ConcurrentGCThread "G1 Conc#0" [stack: 0x000000200a000000,0x000000200a100000] [id=248]

[error occurred during error reporting (printing all threads), id 0xc0000005, EXCEPTION_ACCESS_VIOLATION (0xc0000005) at pc=0x00007ffea45d0ad7]

VM state: not at safepoint (not fully initialized)

VM Mutex/Monitor currently owned by a thread:  ([mutex/lock_event])
[0x000001b87c9b86b0] Heap_lock - owner thread: 0x000001b87c9bb270

Heap address: 0x0000000741000000, size: 3056 MB, Compressed Oops mode: Zero based, Oop shift amount: 3
CDS archive(s) mapped at: [0x0000000000000000-0x0000000000000000-0x0000000000000000), size 0, SharedBaseAddress: 0x0000000800000000, ArchiveRelocationMode: 0.
Narrow klass base: 0x0000000000000000, Narrow klass shift: 0, Narrow klass range: 0x0

GC Precious Log:
<Empty>

Heap:
 garbage-first heap   total 0K, used 0K [0x0000000741000000, 0x0000000800000000)
  region size 2048K, 0 young (0K), 0 survivors (0K)

[error occurred during error reporting (printing heap information), id 0xc0000005, EXCEPTION_ACCESS_VIOLATION (0xc0000005) at pc=0x00007ffea49b307d]

GC Heap History (0 events):
No events

Deoptimization events (0 events):
No events

Classes unloaded (0 events):
No events

Classes redefined (0 events):
No events

Internal exceptions (0 events):
No events

Events (1 events):
Event: 0.007 Loaded shared library C:\Users\rit20\.jdks\adopt-openjdk-16\bin\java.dll


Dynamic libraries:
0x00007ff6c5c90000 - 0x00007ff6c5c9e000 	C:\Users\rit20\.jdks\adopt-openjdk-16\bin\java.exe
0x00007ffeea790000 - 0x00007ffeea985000 	C:\Windows\SYSTEM32\ntdll.dll
0x00007ffee8b00000 - 0x00007ffee8bbd000 	C:\Windows\System32\KERNEL32.DLL
0x00007ffee8260000 - 0x00007ffee8528000 	C:\Windows\System32\KERNELBASE.dll
0x00007ffee86c0000 - 0x00007ffee87c0000 	C:\Windows\System32\ucrtbase.dll
0x00007ffed9040000 - 0x00007ffed9058000 	C:\Users\rit20\.jdks\adopt-openjdk-16\bin\jli.dll
0x00007ffee9c60000 - 0x00007ffee9e00000 	C:\Windows\System32\USER32.dll
0x00007ffee8690000 - 0x00007ffee86b2000 	C:\Windows\System32\win32u.dll
0x00007ffee8ad0000 - 0x00007ffee8afa000 	C:\Windows\System32\GDI32.dll
0x00007ffedb8a0000 - 0x00007ffedb8b9000 	C:\Users\rit20\.jdks\adopt-openjdk-16\bin\VCRUNTIME140.dll
0x00007ffee8150000 - 0x00007ffee825b000 	C:\Windows\System32\gdi32full.dll
0x00007ffee7fa0000 - 0x00007ffee803d000 	C:\Windows\System32\msvcp_win.dll
0x00007ffed9c70000 - 0x00007ffed9f0a000 	C:\Windows\WinSxS\amd64_microsoft.windows.common-controls_6595b64144ccf1df_6.0.19041.844_none_ca00b6081b84eb1d\COMCTL32.dll
0x00007ffee8ea0000 - 0x00007ffee8f3e000 	C:\Windows\System32\msvcrt.dll
0x00007ffee8aa0000 - 0x00007ffee8ad0000 	C:\Windows\System32\IMM32.DLL
0x00007ffee3a00000 - 0x00007ffee3a0c000 	C:\Users\rit20\.jdks\adopt-openjdk-16\bin\vcruntime140_1.dll
0x00007ffeca580000 - 0x00007ffeca611000 	C:\Users\rit20\.jdks\adopt-openjdk-16\bin\msvcp140.dll
0x00007ffea42e0000 - 0x00007ffea4f17000 	C:\Users\rit20\.jdks\adopt-openjdk-16\bin\server\jvm.dll
0x00007ffee8bc0000 - 0x00007ffee8c6c000 	C:\Windows\System32\ADVAPI32.dll
0x00007ffeea5d0000 - 0x00007ffeea66b000 	C:\Windows\System32\sechost.dll
0x00007ffee9300000 - 0x00007ffee942b000 	C:\Windows\System32\RPCRT4.dll
0x00007ffeea320000 - 0x00007ffeea328000 	C:\Windows\System32\PSAPI.DLL
0x00007ffedc780000 - 0x00007ffedc7a7000 	C:\Windows\SYSTEM32\WINMM.dll
0x00007ffee1f80000 - 0x00007ffee1f8a000 	C:\Windows\SYSTEM32\VERSION.dll
0x00007ffed83c0000 - 0x00007ffed83c9000 	C:\Windows\SYSTEM32\WSOCK32.dll
0x00007ffee8e30000 - 0x00007ffee8e9b000 	C:\Windows\System32\WS2_32.dll
0x00007ffee5d10000 - 0x00007ffee5d22000 	C:\Windows\SYSTEM32\kernel.appcore.dll
0x00007ffedb890000 - 0x00007ffedb89a000 	C:\Users\rit20\.jdks\adopt-openjdk-16\bin\jimage.dll
0x00007ffed0ae0000 - 0x00007ffed0cc4000 	C:\Windows\SYSTEM32\DBGHELP.DLL
0x00007ffed08f0000 - 0x00007ffed091c000 	C:\Windows\SYSTEM32\dbgcore.DLL
0x00007ffee7f20000 - 0x00007ffee7fa0000 	C:\Windows\System32\bcryptPrimitives.dll
0x00007ffed1900000 - 0x00007ffed1925000 	C:\Users\rit20\.jdks\adopt-openjdk-16\bin\java.dll

dbghelp: loaded successfully - version: 4.0.5 - missing functions: none
symbol engine: initialized successfully - sym options: 0x614 - pdb path: .;C:\Users\rit20\.jdks\adopt-openjdk-16\bin;C:\Windows\SYSTEM32;C:\Windows\WinSxS\amd64_microsoft.windows.common-controls_6595b64144ccf1df_6.0.19041.844_none_ca00b6081b84eb1d;C:\Users\rit20\.jdks\adopt-openjdk-16\bin\server

VM Arguments:
jvm_args: --add-opens=java.base/java.lang=ALL-UNNAMED --add-opens=java.base/java.io=ALL-UNNAMED --add-opens=java.base/java.util=ALL-UNNAMED --add-opens=java.base/java.util.concurrent=ALL-UNNAMED --add-opens=java.rmi/sun.rmi.transport=ALL-UNNAMED -Djava.util.logging.config.file=C:\Users\rit20\AppData\Local\JetBrains\IntelliJIdea2021.1\tomcat\3bed2241-97e0-48f2-a085-afe04359781d\conf\logging.properties -Djava.util.logging.manager=org.apache.juli.ClassLoaderLogManager -Djdk.tls.ephemeralDHKeySize=2048 -Djava.protocol.handler.pkgs=org.apache.catalina.webresources -Dignore.endorsed.dirs= -Dcatalina.base=C:\Users\rit20\AppData\Local\JetBrains\IntelliJIdea2021.1\tomcat\3bed2241-97e0-48f2-a085-afe04359781d -Dcatalina.home=C:\Users\rit20\IdeaProjects\02. Servlets (context with docker2)\apache-tomcat-9.0.45 -Djava.io.tmpdir=C:\Users\rit20\IdeaProjects\02. Servlets (context with docker2)\apache-tomcat-9.0.45\temp 
java_command: org.apache.catalina.startup.Bootstrap stop
java_class_path (initial): C:\Users\rit20\IdeaProjects\02. Servlets (context with docker2)\apache-tomcat-9.0.45\bin\bootstrap.jar;C:\Users\rit20\IdeaProjects\02. Servlets (context with docker2)\apache-tomcat-9.0.45\bin\tomcat-juli.jar
Launcher Type: SUN_STANDARD

[Global flags]
     intx CICompilerCount                          = 3                                         {product} {ergonomic}
     uint ConcGCThreads                            = 1                                         {product} {ergonomic}
     uint G1ConcRefinementThreads                  = 4                                         {product} {ergonomic}
   size_t G1HeapRegionSize                         = 2097152                                   {product} {ergonomic}
    uintx GCDrainStackTargetSize                   = 64                                        {product} {ergonomic}
   size_t InitialHeapSize                          = 201326592                                 {product} {ergonomic}
   size_t MarkStackSize                            = 4194304                                   {product} {ergonomic}
   size_t MaxHeapSize                              = 3204448256                                {product} {ergonomic}
   size_t MinHeapDeltaBytes                        = 2097152                                   {product} {ergonomic}
   size_t MinHeapSize                              = 8388608                                   {product} {ergonomic}
    uintx NonNMethodCodeHeapSize                   = 5832780                                {pd product} {ergonomic}
    uintx NonProfiledCodeHeapSize                  = 122912730                              {pd product} {ergonomic}
    uintx ProfiledCodeHeapSize                     = 122912730                              {pd product} {ergonomic}
    uintx ReservedCodeCacheSize                    = 251658240                              {pd product} {ergonomic}
     bool SegmentedCodeCache                       = true                                      {product} {ergonomic}
   size_t SoftMaxHeapSize                          = 3204448256                             {manageable} {ergonomic}
     bool UseCompressedClassPointers               = true                           {product lp64_product} {ergonomic}
     bool UseCompressedOops                        = true                           {product lp64_product} {ergonomic}
     bool UseG1GC                                  = true                                      {product} {ergonomic}
     bool UseLargePagesIndividualAllocation        = false                                  {pd product} {ergonomic}

Logging:
Log output configuration:
 #0: stdout all=warning uptime,level,tags
 #1: stderr all=off uptime,level,tags

Environment Variables:
JAVA_HOME=C:\Users\rit20\.jdks\adopt-openjdk-16
CLASSPATH=C:\Users\rit20\IdeaProjects\02. Servlets (context with docker2)\apache-tomcat-9.0.45\bin\bootstrap.jar;C:\Users\rit20\IdeaProjects\02. Servlets (context with docker2)\apache-tomcat-9.0.45\bin\tomcat-juli.jar
PATH=C:\Windows\system32;C:\Windows;C:\Windows\System32\Wbem;C:\Windows\System32\WindowsPowerShell\v1.0\;C:\Windows\System32\OpenSSH\;C:\Program Files (x86)\NVIDIA Corporation\PhysX\Common;C:\Java\apache-maven-3.6.3\bin;C:\Users\rit20\.jdks\adopt-openjdk-16\bin;C:\Program Files\Docker\Docker\resources\bin;C:\ProgramData\DockerDesktop\version-bin;C:\Program Files\Git\cmd;C:\Users\rit20\AppData\Local\Microsoft\WindowsApps;;C:\Program Files\JetBrains\IntelliJ IDEA 2021.1\bin;
USERNAME=rit20
OS=Windows_NT
PROCESSOR_IDENTIFIER=Intel64 Family 6 Model 94 Stepping 3, GenuineIntel



---------------  S Y S T E M  ---------------

OS:
 Windows 10 , 64 bit Build 19041 (10.0.19041.804)
OS uptime: 4 days 20:57 hours
Hyper-V role detected

CPU: total 4 (initial active 4) (4 cores per cpu, 1 threads per core) family 6 model 94 stepping 3 microcode 0xd6, cx8, cmov, fxsr, mmx, 3dnowpref, sse, sse2, sse3, ssse3, sse4.1, sse4.2, popcnt, lzcnt, tsc, tscinvbit, avx, avx2, aes, erms, clmul, bmi1, bmi2, rtm, adx, fma, vzeroupper, clflush, clflushopt, hv

Memory: 4k page, system-wide physical 12221M (2921M free)
TotalPageFile size 21269M (AvailPageFile size 41M)
current process WorkingSet (physical memory assigned to process): 10M, peak: 10M
current process commit charge ("private bytes"): 51M, peak: 243M

vm_info: OpenJDK 64-Bit Server VM (16+36) for windows-amd64 JRE (16+36), built on Mar 11 2021 10:56:33 by "" with MS VC++ 16.7 (VS2019)

END.
