#
# There is insufficient memory for the Java Runtime Environment to continue.
# Native memory allocation (malloc) failed to allocate 235680 bytes for Chunk::new
# Possible reasons:
#   The system is out of physical RAM or swap space
#   The process is running with CompressedOops enabled, and the Java Heap may be blocking the growth of the native heap
# Possible solutions:
#   Reduce memory load on the system
#   Increase physical memory or swap space
#   Check if swap backing store is full
#   Decrease Java heap size (-Xmx/-Xms)
#   Decrease number of Java threads
#   Decrease Java thread stack sizes (-Xss)
#   Set larger code cache with -XX:ReservedCodeCacheSize=
#   JVM is running with Zero Based Compressed Oops mode in which the Java heap is
#     placed in the first 32GB address space. The Java Heap base address is the
#     maximum limit for the native heap growth. Please use -XX:HeapBaseMinAddress
#     to set the Java Heap base and to place the Java Heap above 32GB virtual address.
# This output file may be truncated or incomplete.
#
#  Out of Memory Error (arena.cpp:195), pid=7200, tid=3576
#
# JRE version: OpenJDK Runtime Environment AdoptOpenJDK (16.0+36) (build 16+36)
# Java VM: OpenJDK 64-Bit Server VM AdoptOpenJDK (16+36, mixed mode, sharing, tiered, compressed oops, g1 gc, windows-amd64)
# No core dump will be written. Minidumps are not enabled by default on client versions of Windows
#

---------------  S U M M A R Y ------------

Command Line: --add-opens=java.base/java.lang=ALL-UNNAMED --add-opens=java.base/java.io=ALL-UNNAMED --add-opens=java.base/java.util=ALL-UNNAMED --add-opens=java.base/java.util.concurrent=ALL-UNNAMED --add-opens=java.rmi/sun.rmi.transport=ALL-UNNAMED -Djava.util.logging.config.file=C:\Users\rit20\AppData\Local\JetBrains\IntelliJIdea2021.1\tomcat\3bed2241-97e0-48f2-a085-afe04359781d\conf\logging.properties -Djava.util.logging.manager=org.apache.juli.ClassLoaderLogManager -agentlib:jdwp=transport=dt_socket,address=127.0.0.1:58480,suspend=y,server=n -javaagent:C:\Users\rit20\AppData\Local\JetBrains\IntelliJIdea2021.1\captureAgent\debugger-agent.jar -Dcom.sun.management.jmxremote= -Dcom.sun.management.jmxremote.port=1099 -Dcom.sun.management.jmxremote.ssl=false -Dcom.sun.management.jmxremote.password.file=C:\Users\rit20\AppData\Local\JetBrains\IntelliJIdea2021.1\tomcat\3bed2241-97e0-48f2-a085-afe04359781d\jmxremote.password -Dcom.sun.management.jmxremote.access.file=C:\Users\rit20\AppData\Local\JetBrains\IntelliJIdea2021.1\tomcat\3bed2241-97e0-48f2-a085-afe04359781d\jmxremote.access -Djava.rmi.server.hostname=127.0.0.1 -Djdk.tls.ephemeralDHKeySize=2048 -Djava.protocol.handler.pkgs=org.apache.catalina.webresources -DJDBC_DATABASE_URL=jdbc:postgresql://localhost:5000/db?user=app&password=pass -Dignore.endorsed.dirs= -Dcatalina.base=C:\Users\rit20\AppData\Local\JetBrains\IntelliJIdea2021.1\tomcat\3bed2241-97e0-48f2-a085-afe04359781d -Dcatalina.home=C:\Users\rit20\IdeaProjects\02. Servlets (context with docker2)\apache-tomcat-9.0.45 -Djava.io.tmpdir=C:\Users\rit20\IdeaProjects\02. Servlets (context with docker2)\apache-tomcat-9.0.45\temp org.apache.catalina.startup.Bootstrap start

Host: Intel(R) Core(TM) i5-6500 CPU @ 3.20GHz, 4 cores, 11G,  Windows 10 , 64 bit Build 19041 (10.0.19041.804)
Time: Mon Apr 19 19:15:59 2021 RTZ 2 (s 10 , 64 bit Build 19041 (10.0.19041.804) elapsed time: 2.980657 seconds (0d 0h 0m 2s)

---------------  T H R E A D  ---------------

Current thread (0x0000020494207080):  JavaThread "C2 CompilerThread1" daemon [_thread_in_native, id=3576, stack(0x000000df77700000,0x000000df77800000)]


Current CompileTask:
C2:   2980 2704   !   4       java.util.zip.ZipFile$ZipFileInflaterInputStream::close (67 bytes)

Stack: [0x000000df77700000,0x000000df77800000]
Native frames: (J=compiled Java code, j=interpreted, Vv=VM code, C=native code)
V  [jvm.dll+0x67901a]
V  [jvm.dll+0x82af99]
V  [jvm.dll+0x82c6d3]
V  [jvm.dll+0x82cd33]
V  [jvm.dll+0x24eef5]
V  [jvm.dll+0xb73ba]
V  [jvm.dll+0xb7a9c]
V  [jvm.dll+0x367f87]
V  [jvm.dll+0x1c37ea]
V  [jvm.dll+0x2205b6]
V  [jvm.dll+0x21f8a0]
V  [jvm.dll+0x1ac54b]
V  [jvm.dll+0x22fa18]
V  [jvm.dll+0x22da5c]
V  [jvm.dll+0x7e0412]
V  [jvm.dll+0x7d9f4a]
V  [jvm.dll+0x677e46]
C  [ucrtbase.dll+0x21bb2]
C  [KERNEL32.DLL+0x17034]
C  [ntdll.dll+0x52651]


---------------  P R O C E S S  ---------------

Threads class SMR info:
_java_thread_list=0x0000020494216a50, length=40, elements={
0x00000204f152b1e0, 0x00000204fe52a490, 0x00000204fe52b090, 0x00000204fe53fbc0,
0x00000204fe5424e0, 0x00000204fe542ee0, 0x00000204fe5438e0, 0x00000204fe547b10,
0x00000204fe554950, 0x00000204fe586eb0, 0x00000204ff082af0, 0x00000204ff13e9b0,
0x00000204ff13f760, 0x00000204ff13fca0, 0x00000204ff19dc80, 0x00000204ff201c30,
0x00000204ff2a77a0, 0x00000204ff4eb2f0, 0x00000204ff47d780, 0x00000204ff461640,
0x00000204ff93bd30, 0x00000204ff93b290, 0x00000204ff93b7e0, 0x00000204ff93ad40,
0x0000020494877260, 0x000002049487a780, 0x000002049487b770, 0x00000204948747e0,
0x0000020494879790, 0x000002049487b220, 0x0000020494873d40, 0x0000020494879ce0,
0x0000020494875280, 0x0000020494874290, 0x0000020494874d30, 0x0000020494875d20,
0x000002049487a230, 0x00000204948757d0, 0x0000020494876270, 0x0000020494207080
}

Java Threads: ( => current thread )
  0x00000204f152b1e0 JavaThread "main" [_thread_in_native, id=1612, stack(0x000000df74600000,0x000000df74700000)]
  0x00000204fe52a490 JavaThread "Reference Handler" daemon [_thread_blocked, id=11488, stack(0x000000df74d00000,0x000000df74e00000)]
  0x00000204fe52b090 JavaThread "Finalizer" daemon [_thread_blocked, id=2848, stack(0x000000df74e00000,0x000000df74f00000)]
  0x00000204fe53fbc0 JavaThread "Signal Dispatcher" daemon [_thread_blocked, id=12440, stack(0x000000df74f00000,0x000000df75000000)]
  0x00000204fe5424e0 JavaThread "Attach Listener" daemon [_thread_blocked, id=10084, stack(0x000000df75000000,0x000000df75100000)]
  0x00000204fe542ee0 JavaThread "Service Thread" daemon [_thread_blocked, id=8824, stack(0x000000df75100000,0x000000df75200000)]
  0x00000204fe5438e0 JavaThread "Monitor Deflation Thread" daemon [_thread_blocked, id=11088, stack(0x000000df75200000,0x000000df75300000)]
  0x00000204fe547b10 JavaThread "C2 CompilerThread0" daemon [_thread_in_native, id=9204, stack(0x000000df75300000,0x000000df75400000)]
  0x00000204fe554950 JavaThread "C1 CompilerThread0" daemon [_thread_blocked, id=13764, stack(0x000000df75400000,0x000000df75500000)]
  0x00000204fe586eb0 JavaThread "Sweeper thread" daemon [_thread_blocked, id=9524, stack(0x000000df75500000,0x000000df75600000)]
  0x00000204ff082af0 JavaThread "Common-Cleaner" daemon [_thread_blocked, id=9224, stack(0x000000df75600000,0x000000df75700000)]
  0x00000204ff13e9b0 JavaThread "JDWP Transport Listener: dt_socket" daemon [_thread_blocked, id=9872, stack(0x000000df75700000,0x000000df75800000)]
  0x00000204ff13f760 JavaThread "JDWP Event Helper Thread" daemon [_thread_blocked, id=9924, stack(0x000000df75800000,0x000000df75900000)]
  0x00000204ff13fca0 JavaThread "JDWP Command Reader" daemon [_thread_in_native, id=1244, stack(0x000000df75900000,0x000000df75a00000)]
  0x00000204ff19dc80 JavaThread "Notification Thread" daemon [_thread_blocked, id=8644, stack(0x000000df75a00000,0x000000df75b00000)]
  0x00000204ff201c30 JavaThread "AsyncFileHandlerWriter-6566818" daemon [_thread_blocked, id=12144, stack(0x000000df75b00000,0x000000df75c00000)]
  0x00000204ff2a77a0 JavaThread "FileHandlerLogFilesCleaner-1" daemon [_thread_blocked, id=7020, stack(0x000000df75d00000,0x000000df75e00000)]
  0x00000204ff4eb2f0 JavaThread "RMI TCP Accept-0" daemon [_thread_in_native, id=8968, stack(0x000000df76100000,0x000000df76200000)]
  0x00000204ff47d780 JavaThread "RMI TCP Accept-1099" daemon [_thread_in_native, id=10752, stack(0x000000df76200000,0x000000df76300000)]
  0x00000204ff461640 JavaThread "RMI TCP Accept-0" daemon [_thread_in_native, id=11284, stack(0x000000df76300000,0x000000df76400000)]
  0x00000204ff93bd30 JavaThread "RMI TCP Connection(2)-127.0.0.1" daemon [_thread_in_native, id=2632, stack(0x000000df76500000,0x000000df76600000)]
  0x00000204ff93b290 JavaThread "RMI TCP Connection(3)-127.0.0.1" daemon [_thread_in_native, id=4308, stack(0x000000df76600000,0x000000df76700000)]
  0x00000204ff93b7e0 JavaThread "RMI Scheduler(0)" daemon [_thread_blocked, id=9696, stack(0x000000df76700000,0x000000df76800000)]
  0x00000204ff93ad40 JavaThread "http-nio-8080-BlockPoller" daemon [_thread_in_native, id=3348, stack(0x000000df76800000,0x000000df76900000)]
  0x0000020494877260 JavaThread "Catalina-utility-1" [_thread_blocked, id=9488, stack(0x000000df76900000,0x000000df76a00000)]
  0x000002049487a780 JavaThread "Catalina-utility-2" [_thread_blocked, id=3892, stack(0x000000df76a00000,0x000000df76b00000)]
  0x000002049487b770 JavaThread "http-nio-8080-exec-1" daemon [_thread_blocked, id=1008, stack(0x000000df76b00000,0x000000df76c00000)]
  0x00000204948747e0 JavaThread "http-nio-8080-exec-2" daemon [_thread_blocked, id=4384, stack(0x000000df76c00000,0x000000df76d00000)]
  0x0000020494879790 JavaThread "http-nio-8080-exec-3" daemon [_thread_blocked, id=9380, stack(0x000000df76d00000,0x000000df76e00000)]
  0x000002049487b220 JavaThread "http-nio-8080-exec-4" daemon [_thread_blocked, id=13648, stack(0x000000df76e00000,0x000000df76f00000)]
  0x0000020494873d40 JavaThread "http-nio-8080-exec-5" daemon [_thread_blocked, id=10380, stack(0x000000df76f00000,0x000000df77000000)]
  0x0000020494879ce0 JavaThread "http-nio-8080-exec-6" daemon [_thread_blocked, id=12892, stack(0x000000df77000000,0x000000df77100000)]
  0x0000020494875280 JavaThread "http-nio-8080-exec-7" daemon [_thread_blocked, id=14128, stack(0x000000df77100000,0x000000df77200000)]
  0x0000020494874290 JavaThread "http-nio-8080-exec-8" daemon [_thread_blocked, id=5180, stack(0x000000df77200000,0x000000df77300000)]
  0x0000020494874d30 JavaThread "http-nio-8080-exec-9" daemon [_thread_blocked, id=4528, stack(0x000000df77300000,0x000000df77400000)]
  0x0000020494875d20 JavaThread "http-nio-8080-exec-10" daemon [_thread_blocked, id=12160, stack(0x000000df77400000,0x000000df77500000)]
  0x000002049487a230 JavaThread "http-nio-8080-ClientPoller" daemon [_thread_in_native, id=10632, stack(0x000000df77500000,0x000000df77600000)]
  0x00000204948757d0 JavaThread "http-nio-8080-Acceptor" daemon [_thread_in_native, id=10388, stack(0x000000df77600000,0x000000df77700000)]
  0x0000020494876270 JavaThread "JMX server connection timeout 46" daemon [_thread_blocked, id=7948, stack(0x000000df75c00000,0x000000df75d00000)]
=>0x0000020494207080 JavaThread "C2 CompilerThread1" daemon [_thread_in_native, id=3576, stack(0x000000df77700000,0x000000df77800000)]

Other Threads:
  0x00000204fe5259a0 VMThread "VM Thread" [stack: 0x000000df74c00000,0x000000df74d00000] [id=5080]
  0x00000204ff59f670 WatcherThread [stack: 0x000000df76400000,0x000000df76500000] [id=9592]
  0x00000204f1566a10 GCTaskThread "GC Thread#0" [stack: 0x000000df74700000,0x000000df74800000] [id=14112]
  0x00000204ff537f40 GCTaskThread "GC Thread#1" [stack: 0x000000df75e00000,0x000000df75f00000] [id=272]
  0x00000204ff538250 GCTaskThread "GC Thread#2" [stack: 0x000000df75f00000,0x000000df76000000] [id=14052]
  0x00000204ff538560 GCTaskThread "GC Thread#3" [stack: 0x000000df76000000,0x000000df76100000] [id=6496]
  0x00000204f15737f0 ConcurrentGCThread "G1 Main Marker" [stack: 0x000000df74800000,0x000000df74900000] [id=9740]
  0x00000204f15748a0 ConcurrentGCThread "G1 Conc#0" [stack: 0x000000df74900000,0x000000df74a00000] [id=3548]
  0x00000204f15f81d0 ConcurrentGCThread "G1 Refine#0" [stack: 0x000000df74a00000,0x000000df74b00000] [id=6648]
  0x00000204f15f8af0 ConcurrentGCThread "G1 Service" [stack: 0x000000df74b00000,0x000000df74c00000] [id=12340]

Threads with active compile tasks:
C2 CompilerThread0     3010 2670   !   4       org.apache.catalina.startup.ContextConfig::populateJavaClassCache (252 bytes)
C2 CompilerThread1     3010 2704   !   4       java.util.zip.ZipFile$ZipFileInflaterInputStream::close (67 bytes)

VM state: not at safepoint (normal execution)

VM Mutex/Monitor currently owned by a thread: None

Heap address: 0x0000000741000000, size: 3056 MB, Compressed Oops mode: Zero based, Oop shift amount: 3
CDS archive(s) mapped at: [0x0000000800000000-0x0000000800bf0000-0x0000000800bf0000), size 12517376, SharedBaseAddress: 0x0000000800000000, ArchiveRelocationMode: 0.
Compressed class space mapped at: 0x0000000800c00000-0x0000000840c00000, reserved size: 1073741824
Narrow klass base: 0x0000000800000000, Narrow klass shift: 3, Narrow klass range: 0x100000000

GC Precious Log:
 CPUs: 4 total, 4 available
 Memory: 12221M
 Large Page Support: Disabled
 NUMA Support: Disabled
 Compressed Oops: Enabled (Zero based)
 Heap Region Size: 2M
 Heap Min Capacity: 8M
 Heap Initial Capacity: 192M
 Heap Max Capacity: 3056M
 Pre-touch: Disabled
 Parallel Workers: 4
 Concurrent Workers: 1
 Concurrent Refinement Workers: 4
 Periodic GC: Disabled

Heap:
 garbage-first heap   total 196608K, used 64009K [0x0000000741000000, 0x0000000800000000)
  region size 2048K, 31 young (63488K), 4 survivors (8192K)
 Metaspace       used 14929K, committed 15232K, reserved 1064960K
  class space    used 1506K, committed 1664K, reserved 1048576K

Heap Regions: E=young(eden), S=young(survivor), O=old, HS=humongous(starts), HC=humongous(continues), CS=collection set, F=free, OA=open archive, CA=closed archive, TAMS=top-at-mark-start (previous, next)
|   0|0x0000000741000000, 0x0000000741200000, 0x0000000741200000|100%| O|  |TAMS 0x0000000741000000, 0x0000000741000000| Untracked 
|   1|0x0000000741200000, 0x000000074130d600, 0x0000000741400000| 52%| O|  |TAMS 0x0000000741200000, 0x0000000741200000| Untracked 
|   2|0x0000000741400000, 0x0000000741400000, 0x0000000741600000|  0%| F|  |TAMS 0x0000000741400000, 0x0000000741400000| Untracked 
|   3|0x0000000741600000, 0x0000000741600000, 0x0000000741800000|  0%| F|  |TAMS 0x0000000741600000, 0x0000000741600000| Untracked 
|   4|0x0000000741800000, 0x0000000741800000, 0x0000000741a00000|  0%| F|  |TAMS 0x0000000741800000, 0x0000000741800000| Untracked 
|   5|0x0000000741a00000, 0x0000000741a00000, 0x0000000741c00000|  0%| F|  |TAMS 0x0000000741a00000, 0x0000000741a00000| Untracked 
|   6|0x0000000741c00000, 0x0000000741c00000, 0x0000000741e00000|  0%| F|  |TAMS 0x0000000741c00000, 0x0000000741c00000| Untracked 
|   7|0x0000000741e00000, 0x0000000741e00000, 0x0000000742000000|  0%| F|  |TAMS 0x0000000741e00000, 0x0000000741e00000| Untracked 
|   8|0x0000000742000000, 0x0000000742000000, 0x0000000742200000|  0%| F|  |TAMS 0x0000000742000000, 0x0000000742000000| Untracked 
|   9|0x0000000742200000, 0x0000000742200000, 0x0000000742400000|  0%| F|  |TAMS 0x0000000742200000, 0x0000000742200000| Untracked 
|  10|0x0000000742400000, 0x0000000742400000, 0x0000000742600000|  0%| F|  |TAMS 0x0000000742400000, 0x0000000742400000| Untracked 
|  11|0x0000000742600000, 0x0000000742600000, 0x0000000742800000|  0%| F|  |TAMS 0x0000000742600000, 0x0000000742600000| Untracked 
|  12|0x0000000742800000, 0x0000000742800000, 0x0000000742a00000|  0%| F|  |TAMS 0x0000000742800000, 0x0000000742800000| Untracked 
|  13|0x0000000742a00000, 0x0000000742a00000, 0x0000000742c00000|  0%| F|  |TAMS 0x0000000742a00000, 0x0000000742a00000| Untracked 
|  14|0x0000000742c00000, 0x0000000742c00000, 0x0000000742e00000|  0%| F|  |TAMS 0x0000000742c00000, 0x0000000742c00000| Untracked 
|  15|0x0000000742e00000, 0x0000000742e00000, 0x0000000743000000|  0%| F|  |TAMS 0x0000000742e00000, 0x0000000742e00000| Untracked 
|  16|0x0000000743000000, 0x0000000743000000, 0x0000000743200000|  0%| F|  |TAMS 0x0000000743000000, 0x0000000743000000| Untracked 
|  17|0x0000000743200000, 0x0000000743200000, 0x0000000743400000|  0%| F|  |TAMS 0x0000000743200000, 0x0000000743200000| Untracked 
|  18|0x0000000743400000, 0x0000000743400000, 0x0000000743600000|  0%| F|  |TAMS 0x0000000743400000, 0x0000000743400000| Untracked 
|  19|0x0000000743600000, 0x0000000743600000, 0x0000000743800000|  0%| F|  |TAMS 0x0000000743600000, 0x0000000743600000| Untracked 
|  20|0x0000000743800000, 0x0000000743800000, 0x0000000743a00000|  0%| F|  |TAMS 0x0000000743800000, 0x0000000743800000| Untracked 
|  21|0x0000000743a00000, 0x0000000743a00000, 0x0000000743c00000|  0%| F|  |TAMS 0x0000000743a00000, 0x0000000743a00000| Untracked 
|  22|0x0000000743c00000, 0x0000000743c00000, 0x0000000743e00000|  0%| F|  |TAMS 0x0000000743c00000, 0x0000000743c00000| Untracked 
|  23|0x0000000743e00000, 0x0000000743e00000, 0x0000000744000000|  0%| F|  |TAMS 0x0000000743e00000, 0x0000000743e00000| Untracked 
|  24|0x0000000744000000, 0x0000000744000000, 0x0000000744200000|  0%| F|  |TAMS 0x0000000744000000, 0x0000000744000000| Untracked 
|  25|0x0000000744200000, 0x0000000744200000, 0x0000000744400000|  0%| F|  |TAMS 0x0000000744200000, 0x0000000744200000| Untracked 
|  26|0x0000000744400000, 0x0000000744400000, 0x0000000744600000|  0%| F|  |TAMS 0x0000000744400000, 0x0000000744400000| Untracked 
|  27|0x0000000744600000, 0x0000000744600000, 0x0000000744800000|  0%| F|  |TAMS 0x0000000744600000, 0x0000000744600000| Untracked 
|  28|0x0000000744800000, 0x0000000744800000, 0x0000000744a00000|  0%| F|  |TAMS 0x0000000744800000, 0x0000000744800000| Untracked 
|  29|0x0000000744a00000, 0x0000000744a00000, 0x0000000744c00000|  0%| F|  |TAMS 0x0000000744a00000, 0x0000000744a00000| Untracked 
|  30|0x0000000744c00000, 0x0000000744c00000, 0x0000000744e00000|  0%| F|  |TAMS 0x0000000744c00000, 0x0000000744c00000| Untracked 
|  31|0x0000000744e00000, 0x0000000744e00000, 0x0000000745000000|  0%| F|  |TAMS 0x0000000744e00000, 0x0000000744e00000| Untracked 
|  32|0x0000000745000000, 0x0000000745000000, 0x0000000745200000|  0%| F|  |TAMS 0x0000000745000000, 0x0000000745000000| Untracked 
|  33|0x0000000745200000, 0x0000000745200000, 0x0000000745400000|  0%| F|  |TAMS 0x0000000745200000, 0x0000000745200000| Untracked 
|  34|0x0000000745400000, 0x0000000745400000, 0x0000000745600000|  0%| F|  |TAMS 0x0000000745400000, 0x0000000745400000| Untracked 
|  35|0x0000000745600000, 0x00000007457750c0, 0x0000000745800000| 72%| S|CS|TAMS 0x0000000745600000, 0x0000000745600000| Complete 
|  36|0x0000000745800000, 0x0000000745a00000, 0x0000000745a00000|100%| S|CS|TAMS 0x0000000745800000, 0x0000000745800000| Complete 
|  37|0x0000000745a00000, 0x0000000745c00000, 0x0000000745c00000|100%| S|CS|TAMS 0x0000000745a00000, 0x0000000745a00000| Complete 
|  38|0x0000000745c00000, 0x0000000745e00000, 0x0000000745e00000|100%| S|CS|TAMS 0x0000000745c00000, 0x0000000745c00000| Complete 
|  39|0x0000000745e00000, 0x0000000745e00000, 0x0000000746000000|  0%| F|  |TAMS 0x0000000745e00000, 0x0000000745e00000| Untracked 
|  40|0x0000000746000000, 0x0000000746000000, 0x0000000746200000|  0%| F|  |TAMS 0x0000000746000000, 0x0000000746000000| Untracked 
|  41|0x0000000746200000, 0x0000000746200000, 0x0000000746400000|  0%| F|  |TAMS 0x0000000746200000, 0x0000000746200000| Untracked 
|  42|0x0000000746400000, 0x0000000746400000, 0x0000000746600000|  0%| F|  |TAMS 0x0000000746400000, 0x0000000746400000| Untracked 
|  43|0x0000000746600000, 0x0000000746600000, 0x0000000746800000|  0%| F|  |TAMS 0x0000000746600000, 0x0000000746600000| Untracked 
|  44|0x0000000746800000, 0x0000000746800000, 0x0000000746a00000|  0%| F|  |TAMS 0x0000000746800000, 0x0000000746800000| Untracked 
|  45|0x0000000746a00000, 0x0000000746a00000, 0x0000000746c00000|  0%| F|  |TAMS 0x0000000746a00000, 0x0000000746a00000| Untracked 
|  46|0x0000000746c00000, 0x0000000746c00000, 0x0000000746e00000|  0%| F|  |TAMS 0x0000000746c00000, 0x0000000746c00000| Untracked 
|  47|0x0000000746e00000, 0x0000000746e00000, 0x0000000747000000|  0%| F|  |TAMS 0x0000000746e00000, 0x0000000746e00000| Untracked 
|  48|0x0000000747000000, 0x0000000747000000, 0x0000000747200000|  0%| F|  |TAMS 0x0000000747000000, 0x0000000747000000| Untracked 
|  49|0x0000000747200000, 0x0000000747200000, 0x0000000747400000|  0%| F|  |TAMS 0x0000000747200000, 0x0000000747200000| Untracked 
|  50|0x0000000747400000, 0x0000000747400000, 0x0000000747600000|  0%| F|  |TAMS 0x0000000747400000, 0x0000000747400000| Untracked 
|  51|0x0000000747600000, 0x0000000747600000, 0x0000000747800000|  0%| F|  |TAMS 0x0000000747600000, 0x0000000747600000| Untracked 
|  52|0x0000000747800000, 0x0000000747800000, 0x0000000747a00000|  0%| F|  |TAMS 0x0000000747800000, 0x0000000747800000| Untracked 
|  53|0x0000000747a00000, 0x0000000747a00000, 0x0000000747c00000|  0%| F|  |TAMS 0x0000000747a00000, 0x0000000747a00000| Untracked 
|  54|0x0000000747c00000, 0x0000000747c00000, 0x0000000747e00000|  0%| F|  |TAMS 0x0000000747c00000, 0x0000000747c00000| Untracked 
|  55|0x0000000747e00000, 0x0000000747e00000, 0x0000000748000000|  0%| F|  |TAMS 0x0000000747e00000, 0x0000000747e00000| Untracked 
|  56|0x0000000748000000, 0x0000000748000000, 0x0000000748200000|  0%| F|  |TAMS 0x0000000748000000, 0x0000000748000000| Untracked 
|  57|0x0000000748200000, 0x0000000748200000, 0x0000000748400000|  0%| F|  |TAMS 0x0000000748200000, 0x0000000748200000| Untracked 
|  58|0x0000000748400000, 0x0000000748400000, 0x0000000748600000|  0%| F|  |TAMS 0x0000000748400000, 0x0000000748400000| Untracked 
|  59|0x0000000748600000, 0x0000000748600000, 0x0000000748800000|  0%| F|  |TAMS 0x0000000748600000, 0x0000000748600000| Untracked 
|  60|0x0000000748800000, 0x0000000748800000, 0x0000000748a00000|  0%| F|  |TAMS 0x0000000748800000, 0x0000000748800000| Untracked 
|  61|0x0000000748a00000, 0x0000000748a00000, 0x0000000748c00000|  0%| F|  |TAMS 0x0000000748a00000, 0x0000000748a00000| Untracked 
|  62|0x0000000748c00000, 0x0000000748c00000, 0x0000000748e00000|  0%| F|  |TAMS 0x0000000748c00000, 0x0000000748c00000| Untracked 
|  63|0x0000000748e00000, 0x0000000748e00000, 0x0000000749000000|  0%| F|  |TAMS 0x0000000748e00000, 0x0000000748e00000| Untracked 
|  64|0x0000000749000000, 0x0000000749000000, 0x0000000749200000|  0%| F|  |TAMS 0x0000000749000000, 0x0000000749000000| Untracked 
|  65|0x0000000749200000, 0x0000000749200000, 0x0000000749400000|  0%| F|  |TAMS 0x0000000749200000, 0x0000000749200000| Untracked 
|  66|0x0000000749400000, 0x0000000749400000, 0x0000000749600000|  0%| F|  |TAMS 0x0000000749400000, 0x0000000749400000| Untracked 
|  67|0x0000000749600000, 0x0000000749600000, 0x0000000749800000|  0%| F|  |TAMS 0x0000000749600000, 0x0000000749600000| Untracked 
|  68|0x0000000749800000, 0x0000000749800000, 0x0000000749a00000|  0%| F|  |TAMS 0x0000000749800000, 0x0000000749800000| Untracked 
|  69|0x0000000749a00000, 0x0000000749afc7e8, 0x0000000749c00000| 49%| E|  |TAMS 0x0000000749a00000, 0x0000000749a00000| Complete 
|  70|0x0000000749c00000, 0x0000000749e00000, 0x0000000749e00000|100%| E|CS|TAMS 0x0000000749c00000, 0x0000000749c00000| Complete 
|  71|0x0000000749e00000, 0x000000074a000000, 0x000000074a000000|100%| E|CS|TAMS 0x0000000749e00000, 0x0000000749e00000| Complete 
|  72|0x000000074a000000, 0x000000074a200000, 0x000000074a200000|100%| E|CS|TAMS 0x000000074a000000, 0x000000074a000000| Complete 
|  73|0x000000074a200000, 0x000000074a400000, 0x000000074a400000|100%| E|CS|TAMS 0x000000074a200000, 0x000000074a200000| Complete 
|  74|0x000000074a400000, 0x000000074a600000, 0x000000074a600000|100%| E|CS|TAMS 0x000000074a400000, 0x000000074a400000| Complete 
|  75|0x000000074a600000, 0x000000074a800000, 0x000000074a800000|100%| E|CS|TAMS 0x000000074a600000, 0x000000074a600000| Complete 
|  76|0x000000074a800000, 0x000000074aa00000, 0x000000074aa00000|100%| E|CS|TAMS 0x000000074a800000, 0x000000074a800000| Complete 
|  77|0x000000074aa00000, 0x000000074ac00000, 0x000000074ac00000|100%| E|CS|TAMS 0x000000074aa00000, 0x000000074aa00000| Complete 
|  78|0x000000074ac00000, 0x000000074ae00000, 0x000000074ae00000|100%| E|CS|TAMS 0x000000074ac00000, 0x000000074ac00000| Complete 
|  79|0x000000074ae00000, 0x000000074b000000, 0x000000074b000000|100%| E|CS|TAMS 0x000000074ae00000, 0x000000074ae00000| Complete 
|  80|0x000000074b000000, 0x000000074b200000, 0x000000074b200000|100%| E|CS|TAMS 0x000000074b000000, 0x000000074b000000| Complete 
|  81|0x000000074b200000, 0x000000074b400000, 0x000000074b400000|100%| E|CS|TAMS 0x000000074b200000, 0x000000074b200000| Complete 
|  82|0x000000074b400000, 0x000000074b600000, 0x000000074b600000|100%| E|CS|TAMS 0x000000074b400000, 0x000000074b400000| Complete 
|  83|0x000000074b600000, 0x000000074b800000, 0x000000074b800000|100%| E|CS|TAMS 0x000000074b600000, 0x000000074b600000| Complete 
|  84|0x000000074b800000, 0x000000074ba00000, 0x000000074ba00000|100%| E|CS|TAMS 0x000000074b800000, 0x000000074b800000| Complete 
|  85|0x000000074ba00000, 0x000000074bc00000, 0x000000074bc00000|100%| E|CS|TAMS 0x000000074ba00000, 0x000000074ba00000| Complete 
|  86|0x000000074bc00000, 0x000000074be00000, 0x000000074be00000|100%| E|CS|TAMS 0x000000074bc00000, 0x000000074bc00000| Complete 
|  87|0x000000074be00000, 0x000000074c000000, 0x000000074c000000|100%| E|CS|TAMS 0x000000074be00000, 0x000000074be00000| Complete 
|  88|0x000000074c000000, 0x000000074c200000, 0x000000074c200000|100%| E|CS|TAMS 0x000000074c000000, 0x000000074c000000| Complete 
|  89|0x000000074c200000, 0x000000074c400000, 0x000000074c400000|100%| E|CS|TAMS 0x000000074c200000, 0x000000074c200000| Complete 
|  90|0x000000074c400000, 0x000000074c600000, 0x000000074c600000|100%| E|CS|TAMS 0x000000074c400000, 0x000000074c400000| Complete 
|  91|0x000000074c600000, 0x000000074c800000, 0x000000074c800000|100%| E|CS|TAMS 0x000000074c600000, 0x000000074c600000| Complete 
|  92|0x000000074c800000, 0x000000074ca00000, 0x000000074ca00000|100%| E|CS|TAMS 0x000000074c800000, 0x000000074c800000| Complete 
|  93|0x000000074ca00000, 0x000000074cc00000, 0x000000074cc00000|100%| E|CS|TAMS 0x000000074ca00000, 0x000000074ca00000| Complete 
|  94|0x000000074cc00000, 0x000000074ce00000, 0x000000074ce00000|100%| E|CS|TAMS 0x000000074cc00000, 0x000000074cc00000| Complete 
|  95|0x000000074ce00000, 0x000000074d000000, 0x000000074d000000|100%| E|CS|TAMS 0x000000074ce00000, 0x000000074ce00000| Complete 

Card table byte_map: [0x00000204fa4d0000,0x00000204faad0000] _byte_map_base: 0x00000204f6ac8000

Marking Bits (Prev, Next): (CMBitMap*) 0x00000204f1566f20, (CMBitMap*) 0x00000204f1566f60
 Prev Bits: [0x00000204fb0d0000, 0x00000204fe090000)
 Next Bits: [0x000002048f000000, 0x0000020491fc0000)

Polling page: 0x00000204ef400000

Metaspace:

Usage:
  Non-class:     13.11 MB used.
      Class:      1.47 MB used.
       Both:     14.58 MB used.

Virtual space:
  Non-class space:       16.00 MB reserved,      13.25 MB ( 83%) committed,  2 nodes.
      Class space:        1.00 GB reserved,       1.62 MB ( <1%) committed,  1 nodes.
              Both:        1.02 GB reserved,      14.88 MB (  1%) committed. 

Chunk freelists:
   Non-Class:  2.07 MB
       Class:  2.35 MB
        Both:  4.42 MB

MaxMetaspaceSize: 17179869184.00 GB
CompressedClassSpaceSize: 1.00 GB
 - commit_granule_bytes: 65536.
 - commit_granule_words: 8192.
 - virtual_space_node_default_size: 1048576.
 - enlarge_chunks_in_place: 1.
 - new_chunks_are_fully_committed: 0.
 - uncommit_free_chunks: 1.
 - use_allocation_guard: 0.
 - handle_deallocations: 1.


Internal statistics:

num_allocs_failed_limit: 0.
num_arena_births: 346.
num_arena_deaths: 0.
num_vsnodes_births: 3.
num_vsnodes_deaths: 0.
num_space_committed: 238.
num_space_uncommitted: 0.
num_chunks_returned_to_freelist: 0.
num_chunks_taken_from_freelist: 734.
num_chunk_merges: 0.
num_chunk_splits: 427.
num_chunks_enlarged: 190.
num_purges: 0.

CodeHeap 'non-profiled nmethods': size=120000Kb used=1651Kb max_used=1651Kb free=118348Kb
 bounds [0x0000020487ad0000, 0x0000020487d40000, 0x000002048f000000]
CodeHeap 'profiled nmethods': size=120000Kb used=6055Kb max_used=6055Kb free=113944Kb
 bounds [0x00000204805a0000, 0x0000020480b90000, 0x0000020487ad0000]
CodeHeap 'non-nmethods': size=5760Kb used=1298Kb max_used=1351Kb free=4461Kb
 bounds [0x0000020480000000, 0x0000020480270000, 0x00000204805a0000]
 total_blobs=3226 nmethods=2695 adapters=443
 compilation: enabled
              stopped_count=0, restarted_count=0
 full_count=0

Compilation events (20 events):
Event: 2.871 Thread 0x0000020494207080 nmethod 2693% 0x0000020487c65410 code [0x0000020487c655a0, 0x0000020487c656e8]
Event: 2.886 Thread 0x0000020494207080 2694       4       org.apache.catalina.webresources.StandardRoot::getResourceInternal (172 bytes)
Event: 2.900 Thread 0x00000204fe554950 2696       3       java.util.zip.ZipFile$ZipFileInflaterInputStream::available (44 bytes)
Event: 2.901 Thread 0x00000204fe554950 nmethod 2696 0x0000020480b83410 code [0x0000020480b835e0, 0x0000020480b83988]
Event: 2.908 Thread 0x00000204fe554950 2697   !   3       jdk.internal.misc.ScopedMemoryAccess::copyMemory (31 bytes)
Event: 2.909 Thread 0x00000204fe554950 nmethod 2697 0x0000020480b83a90 code [0x0000020480b83cc0, 0x0000020480b843b8]
Event: 2.912 Thread 0x00000204fe554950 2698       3       java.util.Optional::of (12 bytes)
Event: 2.912 Thread 0x00000204fe554950 nmethod 2698 0x0000020480b84810 code [0x0000020480b849e0, 0x0000020480b84dc8]
Event: 2.913 Thread 0x00000204fe554950 2699       3       java.nio.ByteBuffer::order (48 bytes)
Event: 2.914 Thread 0x00000204fe554950 nmethod 2699 0x0000020480b84f90 code [0x0000020480b85140, 0x0000020480b85378]
Event: 2.916 Thread 0x00000204fe554950 2700       3       java.io.ByteArrayInputStream::<init> (26 bytes)
Event: 2.916 Thread 0x00000204fe554950 nmethod 2700 0x0000020480b85410 code [0x0000020480b855c0, 0x0000020480b85818]
Event: 2.929 Thread 0x00000204fe554950 2701       1       sun.nio.fs.WindowsFileAttributes::fileKey (2 bytes)
Event: 2.929 Thread 0x00000204fe554950 nmethod 2701 0x0000020487c65810 code [0x0000020487c659a0, 0x0000020487c65a78]
Event: 2.935 Thread 0x00000204fe554950 2702   !   3       java.nio.DirectByteBuffer::get (157 bytes)
Event: 2.937 Thread 0x00000204fe554950 nmethod 2702 0x0000020480b85910 code [0x0000020480b85c00, 0x0000020480b86b48]
Event: 2.941 Thread 0x00000204fe554950 2703   !   3       jdk.internal.jimage.BasicImageReader::getResourceBuffer (203 bytes)
Event: 2.943 Thread 0x00000204fe554950 nmethod 2703 0x0000020480b87310 code [0x0000020480b87760, 0x0000020480b89168]
Event: 2.962 Thread 0x0000020494207080 nmethod 2694 0x0000020487c65b10 code [0x0000020487c65ea0, 0x0000020487c69ba0]
Event: 2.962 Thread 0x0000020494207080 2704   !   4       java.util.zip.ZipFile$ZipFileInflaterInputStream::close (67 bytes)

GC Heap History (8 events):
Event: 0.360 GC heap before
{Heap before GC invocations=0 (full 0):
 garbage-first heap   total 196608K, used 12288K [0x0000000741000000, 0x0000000800000000)
  region size 2048K, 6 young (12288K), 0 survivors (0K)
 Metaspace       used 3860K, committed 4096K, reserved 1056768K
  class space    used 385K, committed 512K, reserved 1048576K
}
Event: 0.362 GC heap after
{Heap after GC invocations=1 (full 0):
 garbage-first heap   total 196608K, used 2699K [0x0000000741000000, 0x0000000800000000)
  region size 2048K, 1 young (2048K), 1 survivors (2048K)
 Metaspace       used 3860K, committed 4096K, reserved 1056768K
  class space    used 385K, committed 512K, reserved 1048576K
}
Event: 0.715 GC heap before
{Heap before GC invocations=1 (full 0):
 garbage-first heap   total 196608K, used 14987K [0x0000000741000000, 0x0000000800000000)
  region size 2048K, 7 young (14336K), 1 survivors (2048K)
 Metaspace       used 8312K, committed 8576K, reserved 1056768K
  class space    used 852K, committed 960K, reserved 1048576K
}
Event: 0.720 GC heap after
{Heap after GC invocations=2 (full 0):
 garbage-first heap   total 196608K, used 4783K [0x0000000741000000, 0x0000000800000000)
  region size 2048K, 1 young (2048K), 1 survivors (2048K)
 Metaspace       used 8312K, committed 8576K, reserved 1056768K
  class space    used 852K, committed 960K, reserved 1048576K
}
Event: 1.594 GC heap before
{Heap before GC invocations=2 (full 0):
 garbage-first heap   total 196608K, used 33455K [0x0000000741000000, 0x0000000800000000)
  region size 2048K, 15 young (30720K), 1 survivors (2048K)
 Metaspace       used 13379K, committed 13696K, reserved 1064960K
  class space    used 1375K, committed 1536K, reserved 1048576K
}
Event: 1.599 GC heap after
{Heap after GC invocations=3 (full 0):
 garbage-first heap   total 196608K, used 7221K [0x0000000741000000, 0x0000000800000000)
  region size 2048K, 2 young (4096K), 2 survivors (4096K)
 Metaspace       used 13379K, committed 13696K, reserved 1064960K
  class space    used 1375K, committed 1536K, reserved 1048576K
}
Event: 2.696 GC heap before
{Heap before GC invocations=3 (full 0):
 garbage-first heap   total 196608K, used 119861K [0x0000000741000000, 0x0000000800000000)
  region size 2048K, 57 young (116736K), 2 survivors (4096K)
 Metaspace       used 14904K, committed 15232K, reserved 1064960K
  class space    used 1506K, committed 1664K, reserved 1048576K
}
Event: 2.702 GC heap after
{Heap after GC invocations=4 (full 0):
 garbage-first heap   total 196608K, used 10761K [0x0000000741000000, 0x0000000800000000)
  region size 2048K, 4 young (8192K), 4 survivors (8192K)
 Metaspace       used 14904K, committed 15232K, reserved 1064960K
  class space    used 1506K, committed 1664K, reserved 1048576K
}

Deoptimization events (20 events):
Event: 2.059 Thread 0x00000204ff93b290 DEOPT PACKING pc=0x0000020480a5b067 sp=0x000000df766fabc0
Event: 2.059 Thread 0x00000204ff93b290 DEOPT UNPACKING pc=0x000002048004dece sp=0x000000df766fa050 mode 0
Event: 2.090 Thread 0x00000204ff93b290 DEOPT PACKING pc=0x0000020480aee3f7 sp=0x000000df766fb480
Event: 2.090 Thread 0x00000204ff93b290 DEOPT UNPACKING pc=0x000002048004dece sp=0x000000df766fa930 mode 0
Event: 2.183 Thread 0x00000204ff93b290 DEOPT PACKING pc=0x00000204807fa8f6 sp=0x000000df766faad0
Event: 2.183 Thread 0x00000204ff93b290 DEOPT UNPACKING pc=0x000002048004dece sp=0x000000df766fa000 mode 0
Event: 2.294 Thread 0x00000204ff93b290 Uncommon trap: trap_request=0xffffff45 fr.pc=0x0000020487c1c108 relative=0x0000000000001b48
Event: 2.294 Thread 0x00000204ff93b290 Uncommon trap: reason=unstable_if action=reinterpret pc=0x0000020487c1c108 method=java.io.DataInputStream.readUTF(Ljava/io/DataInput;)Ljava/lang/String; @ 154 c2
Event: 2.294 Thread 0x00000204ff93b290 DEOPT PACKING pc=0x0000020487c1c108 sp=0x000000df766fb320
Event: 2.294 Thread 0x00000204ff93b290 DEOPT UNPACKING pc=0x000002048004d72e sp=0x000000df766fb2f8 mode 2
Event: 2.514 Thread 0x00000204ff93b290 Uncommon trap: trap_request=0xffffff45 fr.pc=0x0000020487c0c238 relative=0x00000000000014f8
Event: 2.514 Thread 0x00000204ff93b290 Uncommon trap: reason=unstable_if action=reinterpret pc=0x0000020487c0c238 method=org.apache.tomcat.util.bcel.classfile.Constant.readConstant(Ljava/io/DataInput;)Lorg/apache/tomcat/util/bcel/classfile/Constant; @ 8 c2
Event: 2.514 Thread 0x00000204ff93b290 DEOPT PACKING pc=0x0000020487c0c238 sp=0x000000df766fb3d0
Event: 2.514 Thread 0x00000204ff93b290 DEOPT UNPACKING pc=0x000002048004d72e sp=0x000000df766fb3c8 mode 2
Event: 2.557 Thread 0x00000204ff93b290 DEOPT PACKING pc=0x0000020480acfe43 sp=0x000000df766faa80
Event: 2.557 Thread 0x00000204ff93b290 DEOPT UNPACKING pc=0x000002048004dece sp=0x000000df766f9fb0 mode 0
Event: 2.691 Thread 0x00000204ff93b290 DEOPT PACKING pc=0x0000020480b015b3 sp=0x000000df766fb4f0
Event: 2.691 Thread 0x00000204ff93b290 DEOPT UNPACKING pc=0x000002048004dece sp=0x000000df766fa9e0 mode 0
Event: 2.823 Thread 0x00000204ff93b290 DEOPT PACKING pc=0x0000020480a5b067 sp=0x000000df766fb230
Event: 2.823 Thread 0x00000204ff93b290 DEOPT UNPACKING pc=0x000002048004dece sp=0x000000df766fa6c0 mode 0

Classes unloaded (0 events):
No events

Classes redefined (0 events):
No events

Internal exceptions (20 events):
Event: 1.232 Thread 0x00000204f152b1e0 Implicit null exception at 0x0000020480876bd7 to 0x0000020480878975
Event: 1.232 Thread 0x00000204f152b1e0 Exception <a 'java/lang/NullPointerException'{0x000000074bb07378}> (0x000000074bb07378) 
thrown [j:\jenkins\tmp\workspace\build\src\src\hotspot\share\runtime\sharedRuntime.cpp, line 624]
Event: 1.232 Thread 0x00000204f152b1e0 Implicit null exception at 0x0000020480876bd7 to 0x0000020480878975
Event: 1.232 Thread 0x00000204f152b1e0 Exception <a 'java/lang/NullPointerException'{0x000000074bb078f8}> (0x000000074bb078f8) 
thrown [j:\jenkins\tmp\workspace\build\src\src\hotspot\share\runtime\sharedRuntime.cpp, line 624]
Event: 1.299 Thread 0x00000204f152b1e0 Implicit null exception at 0x0000020480876bd7 to 0x0000020480878975
Event: 1.299 Thread 0x00000204f152b1e0 Exception <a 'java/lang/NullPointerException'{0x000000074b8d4d60}> (0x000000074b8d4d60) 
thrown [j:\jenkins\tmp\workspace\build\src\src\hotspot\share\runtime\sharedRuntime.cpp, line 624]
Event: 1.300 Thread 0x00000204f152b1e0 Implicit null exception at 0x0000020480876bd7 to 0x0000020480878975
Event: 1.300 Thread 0x00000204f152b1e0 Exception <a 'java/lang/NullPointerException'{0x000000074b8d52e0}> (0x000000074b8d52e0) 
thrown [j:\jenkins\tmp\workspace\build\src\src\hotspot\share\runtime\sharedRuntime.cpp, line 624]
Event: 1.329 Thread 0x00000204f152b1e0 Exception <a 'java/io/FileNotFoundException'{0x000000074b655b60}> (0x000000074b655b60) 
thrown [j:\jenkins\tmp\workspace\build\src\src\hotspot\share\prims\jni.cpp, line 579]
Event: 1.349 Thread 0x00000204f152b1e0 Implicit null exception at 0x0000020487b77877 to 0x0000020487b781b0
Event: 1.349 Thread 0x00000204f152b1e0 Implicit null exception at 0x0000020487b6b6f7 to 0x0000020487b6bfc0
Event: 1.547 Thread 0x00000204ff93b290 Exception <a 'java/lang/reflect/InvocationTargetException'{0x000000074b23baa8}> (0x000000074b23baa8) 
thrown [j:\jenkins\tmp\workspace\build\src\src\hotspot\share\runtime\reflection.cpp, line 1157]
Event: 1.550 Thread 0x00000204ff93b290 Exception <a 'java/lang/NoSuchMethodError'{0x000000074b283438}: static [Ljava/lang/StackTraceElement;.<clinit>()V> (0x000000074b283438) 
thrown [j:\jenkins\tmp\workspace\build\src\src\hotspot\share\prims\jni.cpp, line 1210]
Event: 1.604 Thread 0x00000204ff93b290 Exception <a 'java/io/FileNotFoundException'{0x000000074ce4e7f8}> (0x000000074ce4e7f8) 
thrown [j:\jenkins\tmp\workspace\build\src\src\hotspot\share\prims\jni.cpp, line 579]
Event: 1.626 Thread 0x00000204ff93b290 Implicit null exception at 0x0000020480876bd7 to 0x0000020480878975
Event: 1.626 Thread 0x00000204ff93b290 Exception <a 'java/lang/NullPointerException'{0x000000074cf779b8}> (0x000000074cf779b8) 
thrown [j:\jenkins\tmp\workspace\build\src\src\hotspot\share\runtime\sharedRuntime.cpp, line 624]
Event: 1.626 Thread 0x00000204ff93b290 Implicit null exception at 0x0000020480876bd7 to 0x0000020480878975
Event: 1.626 Thread 0x00000204ff93b290 Exception <a 'java/lang/NullPointerException'{0x000000074cf781e0}> (0x000000074cf781e0) 
thrown [j:\jenkins\tmp\workspace\build\src\src\hotspot\share\runtime\sharedRuntime.cpp, line 624]
Event: 1.716 Thread 0x00000204ff93b290 Exception <a 'java/lang/ClassNotFoundException'{0x000000074c8e1cd0}: org/apache/catalina/webresources/jar/Handler> (0x000000074c8e1cd0) 
thrown [j:\jenkins\tmp\workspace\build\src\src\hotspot\share\classfile\systemDictionary.cpp, line 256]
Event: 1.772 Thread 0x00000204ff93b290 Exception <a 'java/io/FileNotFoundException'{0x000000074c7459d0}> (0x000000074c7459d0) 
thrown [j:\jenkins\tmp\workspace\build\src\src\hotspot\share\prims\jni.cpp, line 579]

Events (20 events):
Event: 1.905 loading class org/apache/tomcat/util/bcel/classfile/SimpleElementValue
Event: 1.905 loading class org/apache/tomcat/util/bcel/classfile/SimpleElementValue done
Event: 1.906 loading class org/apache/tomcat/util/bcel/classfile/EnumElementValue
Event: 1.906 loading class org/apache/tomcat/util/bcel/classfile/EnumElementValue done
Event: 1.906 loading class org/apache/tomcat/util/bcel/classfile/ClassElementValue
Event: 1.906 loading class org/apache/tomcat/util/bcel/classfile/ClassElementValue done
Event: 1.906 loading class org/apache/tomcat/util/bcel/classfile/AnnotationElementValue
Event: 1.906 loading class org/apache/tomcat/util/bcel/classfile/AnnotationElementValue done
Event: 1.907 loading class org/apache/tomcat/util/bcel/classfile/ArrayElementValue
Event: 1.907 loading class org/apache/tomcat/util/bcel/classfile/ArrayElementValue done
Event: 1.935 loading class java/util/zip/ZipFile$ZipEntryIterator
Event: 1.935 loading class java/util/zip/ZipFile$ZipEntryIterator done
Event: 2.056 loading class org/apache/catalina/util/Introspection
Event: 2.056 loading class org/apache/catalina/util/Introspection done
Event: 2.179 Executing  VM operation: ICBufferFull
Event: 2.179 Executing  VM operation: ICBufferFull done
Event: 2.199 Executing  VM operation: HandshakeAllThreads
Event: 2.199 Executing  VM operation: HandshakeAllThreads done
Event: 2.696 Executing  VM operation: G1CollectForAllocation
Event: 2.702 Executing  VM operation: G1CollectForAllocation done


Dynamic libraries:
0x00007ff6c5c90000 - 0x00007ff6c5c9e000 	C:\Users\rit20\.jdks\adopt-openjdk-16\bin\java.exe
0x00007ffeea790000 - 0x00007ffeea985000 	C:\Windows\SYSTEM32\ntdll.dll
0x00007ffee8b00000 - 0x00007ffee8bbd000 	C:\Windows\System32\KERNEL32.DLL
0x00007ffee8260000 - 0x00007ffee8528000 	C:\Windows\System32\KERNELBASE.dll
0x00007ffee86c0000 - 0x00007ffee87c0000 	C:\Windows\System32\ucrtbase.dll
0x00007ffedb8a0000 - 0x00007ffedb8b8000 	C:\Users\rit20\.jdks\adopt-openjdk-16\bin\jli.dll
0x00007ffed9040000 - 0x00007ffed9059000 	C:\Users\rit20\.jdks\adopt-openjdk-16\bin\VCRUNTIME140.dll
0x00007ffed9c70000 - 0x00007ffed9f0a000 	C:\Windows\WinSxS\amd64_microsoft.windows.common-controls_6595b64144ccf1df_6.0.19041.844_none_ca00b6081b84eb1d\COMCTL32.dll
0x00007ffee9c60000 - 0x00007ffee9e00000 	C:\Windows\System32\USER32.dll
0x00007ffee8ea0000 - 0x00007ffee8f3e000 	C:\Windows\System32\msvcrt.dll
0x00007ffee8690000 - 0x00007ffee86b2000 	C:\Windows\System32\win32u.dll
0x00007ffee8ad0000 - 0x00007ffee8afa000 	C:\Windows\System32\GDI32.dll
0x00007ffee8150000 - 0x00007ffee825b000 	C:\Windows\System32\gdi32full.dll
0x00007ffee7fa0000 - 0x00007ffee803d000 	C:\Windows\System32\msvcp_win.dll
0x00007ffee8aa0000 - 0x00007ffee8ad0000 	C:\Windows\System32\IMM32.DLL
0x00007ffee3a00000 - 0x00007ffee3a0c000 	C:\Users\rit20\.jdks\adopt-openjdk-16\bin\vcruntime140_1.dll
0x00007ffeca580000 - 0x00007ffeca611000 	C:\Users\rit20\.jdks\adopt-openjdk-16\bin\msvcp140.dll
0x00007ffea42e0000 - 0x00007ffea4f17000 	C:\Users\rit20\.jdks\adopt-openjdk-16\bin\server\jvm.dll
0x00007ffee8bc0000 - 0x00007ffee8c6c000 	C:\Windows\System32\ADVAPI32.dll
0x00007ffeea5d0000 - 0x00007ffeea66b000 	C:\Windows\System32\sechost.dll
0x00007ffee9300000 - 0x00007ffee942b000 	C:\Windows\System32\RPCRT4.dll
0x00007ffeea320000 - 0x00007ffeea328000 	C:\Windows\System32\PSAPI.DLL
0x00007ffed83c0000 - 0x00007ffed83c9000 	C:\Windows\SYSTEM32\WSOCK32.dll
0x00007ffedc780000 - 0x00007ffedc7a7000 	C:\Windows\SYSTEM32\WINMM.dll
0x00007ffee1f80000 - 0x00007ffee1f8a000 	C:\Windows\SYSTEM32\VERSION.dll
0x00007ffee8e30000 - 0x00007ffee8e9b000 	C:\Windows\System32\WS2_32.dll
0x00007ffee5d10000 - 0x00007ffee5d22000 	C:\Windows\SYSTEM32\kernel.appcore.dll
0x00007ffedb890000 - 0x00007ffedb89a000 	C:\Users\rit20\.jdks\adopt-openjdk-16\bin\jimage.dll
0x00007ffed0ae0000 - 0x00007ffed0cc4000 	C:\Windows\SYSTEM32\DBGHELP.DLL
0x00007ffed08f0000 - 0x00007ffed091c000 	C:\Windows\SYSTEM32\dbgcore.DLL
0x00007ffee7f20000 - 0x00007ffee7fa0000 	C:\Windows\System32\bcryptPrimitives.dll
0x00007ffeca270000 - 0x00007ffeca2ab000 	C:\Users\rit20\.jdks\adopt-openjdk-16\bin\jdwp.dll
0x00007ffed1140000 - 0x00007ffed114e000 	C:\Users\rit20\.jdks\adopt-openjdk-16\bin\instrument.dll
0x00007ffed1900000 - 0x00007ffed1925000 	C:\Users\rit20\.jdks\adopt-openjdk-16\bin\java.dll
0x00007ffee9460000 - 0x00007ffee9ba2000 	C:\Windows\System32\SHELL32.dll
0x00007ffee5ff0000 - 0x00007ffee6781000 	C:\Windows\SYSTEM32\windows.storage.dll
0x00007ffee8f40000 - 0x00007ffee9295000 	C:\Windows\System32\combase.dll
0x00007ffee7870000 - 0x00007ffee789c000 	C:\Windows\SYSTEM32\Wldp.dll
0x00007ffee9bb0000 - 0x00007ffee9c5e000 	C:\Windows\System32\SHCORE.dll
0x00007ffeea3c0000 - 0x00007ffeea415000 	C:\Windows\System32\shlwapi.dll
0x00007ffee7e10000 - 0x00007ffee7e2f000 	C:\Windows\SYSTEM32\profapi.dll
0x00007ffed10c0000 - 0x00007ffed10cc000 	C:\Users\rit20\.jdks\adopt-openjdk-16\bin\dt_socket.dll
0x00007ffee7310000 - 0x00007ffee734b000 	C:\Windows\SYSTEM32\IPHLPAPI.DLL
0x00007ffee7650000 - 0x00007ffee76ba000 	C:\Windows\system32\mswsock.dll
0x00007ffed1310000 - 0x00007ffed1328000 	C:\Users\rit20\.jdks\adopt-openjdk-16\bin\zip.dll
0x00007ffed13b0000 - 0x00007ffed13c9000 	C:\Users\rit20\.jdks\adopt-openjdk-16\bin\net.dll
0x00007ffedf060000 - 0x00007ffedf16b000 	C:\Windows\SYSTEM32\WINHTTP.dll
0x00007ffed1330000 - 0x00007ffed1343000 	C:\Users\rit20\.jdks\adopt-openjdk-16\bin\nio.dll
0x00007ffed9070000 - 0x00007ffed9080000 	C:\Users\rit20\.jdks\adopt-openjdk-16\bin\verify.dll
0x00007ffecfca0000 - 0x00007ffecfca9000 	C:\Users\rit20\.jdks\adopt-openjdk-16\bin\management_agent.dll
0x00007ffed9030000 - 0x00007ffed9039000 	C:\Users\rit20\.jdks\adopt-openjdk-16\bin\management.dll
0x00007ffed18f0000 - 0x00007ffed18fb000 	C:\Users\rit20\.jdks\adopt-openjdk-16\bin\management_ext.dll
0x00007ffec7360000 - 0x00007ffec7377000 	C:\Windows\system32\napinsp.dll
0x00007ffea9f70000 - 0x00007ffea9f8b000 	C:\Windows\system32\pnrpnsp.dll
0x00007ffec2dc0000 - 0x00007ffec2dd5000 	C:\Windows\system32\wshbth.dll
0x00007ffee3950000 - 0x00007ffee396d000 	C:\Windows\system32\NLAapi.dll
0x00007ffee7350000 - 0x00007ffee741c000 	C:\Windows\SYSTEM32\DNSAPI.dll
0x00007ffee9430000 - 0x00007ffee9438000 	C:\Windows\System32\NSI.dll
0x00007ffea6690000 - 0x00007ffea66a2000 	C:\Windows\System32\winrnr.dll
0x00007ffee1710000 - 0x00007ffee171a000 	C:\Windows\System32\rasadhlp.dll
0x00007ffeddb30000 - 0x00007ffeddbaf000 	C:\Windows\System32\fwpuclnt.dll
0x00007ffee87c0000 - 0x00007ffee87e7000 	C:\Windows\System32\bcrypt.dll
0x00007ffee78b0000 - 0x00007ffee78c8000 	C:\Windows\SYSTEM32\CRYPTSP.dll
0x00007ffee6f40000 - 0x00007ffee6f74000 	C:\Windows\system32\rsaenh.dll
0x00007ffee7d90000 - 0x00007ffee7dbe000 	C:\Windows\SYSTEM32\USERENV.dll
0x00007ffee77d0000 - 0x00007ffee77dc000 	C:\Windows\SYSTEM32\CRYPTBASE.dll
0x00007ffee1f60000 - 0x00007ffee1f77000 	C:\Windows\SYSTEM32\dhcpcsvc6.DLL
0x00007ffee1d60000 - 0x00007ffee1d7d000 	C:\Windows\SYSTEM32\dhcpcsvc.DLL
0x00007ffed13a0000 - 0x00007ffed13ae000 	C:\Users\rit20\.jdks\adopt-openjdk-16\bin\sunmscapi.dll
0x00007ffee8530000 - 0x00007ffee868f000 	C:\Windows\System32\CRYPT32.dll
0x00007ffee79b0000 - 0x00007ffee79d7000 	C:\Windows\SYSTEM32\ncrypt.dll
0x00007ffee7970000 - 0x00007ffee79ab000 	C:\Windows\SYSTEM32\NTASN1.dll
0x00007ffed1150000 - 0x00007ffed1157000 	C:\Windows\system32\wshunix.dll

dbghelp: loaded successfully - version: 4.0.5 - missing functions: none
symbol engine: initialized successfully - sym options: 0x614 - pdb path: .;C:\Users\rit20\.jdks\adopt-openjdk-16\bin;C:\Windows\SYSTEM32;C:\Windows\WinSxS\amd64_microsoft.windows.common-controls_6595b64144ccf1df_6.0.19041.844_none_ca00b6081b84eb1d;C:\Users\rit20\.jdks\adopt-openjdk-16\bin\server

VM Arguments:
jvm_args: --add-opens=java.base/java.lang=ALL-UNNAMED --add-opens=java.base/java.io=ALL-UNNAMED --add-opens=java.base/java.util=ALL-UNNAMED --add-opens=java.base/java.util.concurrent=ALL-UNNAMED --add-opens=java.rmi/sun.rmi.transport=ALL-UNNAMED -Djava.util.logging.config.file=C:\Users\rit20\AppData\Local\JetBrains\IntelliJIdea2021.1\tomcat\3bed2241-97e0-48f2-a085-afe04359781d\conf\logging.properties -Djava.util.logging.manager=org.apache.juli.ClassLoaderLogManager -agentlib:jdwp=transport=dt_socket,address=127.0.0.1:58480,suspend=y,server=n -javaagent:C:\Users\rit20\AppData\Local\JetBrains\IntelliJIdea2021.1\captureAgent\debugger-agent.jar -Dcom.sun.management.jmxremote= -Dcom.sun.management.jmxremote.port=1099 -Dcom.sun.management.jmxremote.ssl=false -Dcom.sun.management.jmxremote.password.file=C:\Users\rit20\AppData\Local\JetBrains\IntelliJIdea2021.1\tomcat\3bed2241-97e0-48f2-a085-afe04359781d\jmxremote.password -Dcom.sun.management.jmxremote.access.file=C:\Users\rit20\AppData\Local\JetBrains\IntelliJIdea2021.1\tomcat\3bed2241-97e0-48f2-a085-afe04359781d\jmxremote.access -Djava.rmi.server.hostname=127.0.0.1 -Djdk.tls.ephemeralDHKeySize=2048 -Djava.protocol.handler.pkgs=org.apache.catalina.webresources -DJDBC_DATABASE_URL=jdbc:postgresql://localhost:5000/db?user=app&password=pass -Dignore.endorsed.dirs= -Dcatalina.base=C:\Users\rit20\AppData\Local\JetBrains\IntelliJIdea2021.1\tomcat\3bed2241-97e0-48f2-a085-afe04359781d -Dcatalina.home=C:\Users\rit20\IdeaProjects\02. Servlets (context with docker2)\apache-tomcat-9.0.45 -Djava.io.tmpdir=C:\Users\rit20\IdeaProjects\02. Servlets (context with docker2)\apache-tomcat-9.0.45\temp 
java_command: org.apache.catalina.startup.Bootstrap start
java_class_path (initial): C:\Users\rit20\IdeaProjects\02. Servlets (context with docker2)\apache-tomcat-9.0.45\bin\bootstrap.jar;C:\Users\rit20\IdeaProjects\02. Servlets (context with docker2)\apache-tomcat-9.0.45\bin\tomcat-juli.jar
Launcher Type: SUN_STANDARD

[Global flags]
     intx CICompilerCount                          = 3                                         {product} {ergonomic}
     uint ConcGCThreads                            = 1                                         {product} {ergonomic}
     uint G1ConcRefinementThreads                  = 4                                         {product} {ergonomic}
   size_t G1HeapRegionSize                         = 2097152                                   {product} {ergonomic}
    uintx GCDrainStackTargetSize                   = 64                                        {product} {ergonomic}
   size_t InitialHeapSize                          = 201326592                                 {product} {ergonomic}
     bool ManagementServer                         = true                                      {product} {command line}
   size_t MarkStackSize                            = 4194304                                   {product} {ergonomic}
   size_t MaxHeapSize                              = 3204448256                                {product} {ergonomic}
   size_t MaxNewSize                               = 1920991232                                {product} {ergonomic}
   size_t MinHeapDeltaBytes                        = 2097152                                   {product} {ergonomic}
   size_t MinHeapSize                              = 8388608                                   {product} {ergonomic}
    uintx NonNMethodCodeHeapSize                   = 5832780                                {pd product} {ergonomic}
    uintx NonProfiledCodeHeapSize                  = 122912730                              {pd product} {ergonomic}
    uintx ProfiledCodeHeapSize                     = 122912730                              {pd product} {ergonomic}
    uintx ReservedCodeCacheSize                    = 251658240                              {pd product} {ergonomic}
     bool SegmentedCodeCache                       = true                                      {product} {ergonomic}
   size_t SoftMaxHeapSize                          = 3204448256                             {manageable} {ergonomic}
     bool UseCompressedClassPointers               = true                           {product lp64_product} {ergonomic}
     bool UseCompressedOops                        = true                           {product lp64_product} {ergonomic}
     bool UseG1GC                                  = true                                      {product} {ergonomic}
     bool UseLargePagesIndividualAllocation        = false                                  {pd product} {ergonomic}

Logging:
Log output configuration:
 #0: stdout all=warning uptime,level,tags
 #1: stderr all=off uptime,level,tags

Environment Variables:
JAVA_HOME=C:\Users\rit20\.jdks\adopt-openjdk-16
CLASSPATH=C:\Users\rit20\IdeaProjects\02. Servlets (context with docker2)\apache-tomcat-9.0.45\bin\bootstrap.jar;C:\Users\rit20\IdeaProjects\02. Servlets (context with docker2)\apache-tomcat-9.0.45\bin\tomcat-juli.jar
PATH=C:\Windows\system32;C:\Windows;C:\Windows\System32\Wbem;C:\Windows\System32\WindowsPowerShell\v1.0\;C:\Windows\System32\OpenSSH\;C:\Program Files (x86)\NVIDIA Corporation\PhysX\Common;C:\Java\apache-maven-3.6.3\bin;C:\Users\rit20\.jdks\adopt-openjdk-16\bin;C:\Program Files\Docker\Docker\resources\bin;C:\ProgramData\DockerDesktop\version-bin;C:\Program Files\Git\cmd;C:\Users\rit20\AppData\Local\Microsoft\WindowsApps;;C:\Program Files\JetBrains\IntelliJ IDEA 2021.1\bin;
USERNAME=rit20
OS=Windows_NT
PROCESSOR_IDENTIFIER=Intel64 Family 6 Model 94 Stepping 3, GenuineIntel



---------------  S Y S T E M  ---------------

OS:
 Windows 10 , 64 bit Build 19041 (10.0.19041.804)
OS uptime: 4 days 20:51 hours
Hyper-V role detected

CPU: total 4 (initial active 4) (4 cores per cpu, 1 threads per core) family 6 model 94 stepping 3 microcode 0xd6, cx8, cmov, fxsr, mmx, 3dnowpref, sse, sse2, sse3, ssse3, sse4.1, sse4.2, popcnt, lzcnt, tsc, tscinvbit, avx, avx2, aes, erms, clmul, bmi1, bmi2, rtm, adx, fma, vzeroupper, clflush, clflushopt, hv

Memory: 4k page, system-wide physical 12221M (2776M free)
TotalPageFile size 21269M (AvailPageFile size 5M)
current process WorkingSet (physical memory assigned to process): 228M, peak: 231M
current process commit charge ("private bytes"): 333M, peak: 336M

vm_info: OpenJDK 64-Bit Server VM (16+36) for windows-amd64 JRE (16+36), built on Mar 11 2021 10:56:33 by "" with MS VC++ 16.7 (VS2019)

END.
